{"/home/sagar/attendance-guardian/backend/src/controllers/classController.js": {"path":"/home/sagar/attendance-guardian/backend/src/controllers/classController.js","statementMap":{"0":{"start":{"line":1,"column":21},"end":{"line":1,"column":56}},"1":{"start":{"line":2,"column":19},"end":{"line":2,"column":49}},"2":{"start":{"line":4,"column":0},"end":{"line":7,"column":3}},"3":{"start":{"line":5,"column":20},"end":{"line":5,"column":60}},"4":{"start":{"line":6,"column":4},"end":{"line":6,"column":34}},"5":{"start":{"line":9,"column":0},"end":{"line":12,"column":3}},"6":{"start":{"line":10,"column":20},"end":{"line":10,"column":94}},"7":{"start":{"line":11,"column":4},"end":{"line":11,"column":34}},"8":{"start":{"line":14,"column":0},"end":{"line":17,"column":3}},"9":{"start":{"line":15,"column":23},"end":{"line":15,"column":63}},"10":{"start":{"line":16,"column":4},"end":{"line":16,"column":37}},"11":{"start":{"line":19,"column":0},"end":{"line":22,"column":3}},"12":{"start":{"line":20,"column":20},"end":{"line":20,"column":74}},"13":{"start":{"line":21,"column":4},"end":{"line":21,"column":34}},"14":{"start":{"line":24,"column":0},"end":{"line":27,"column":3}},"15":{"start":{"line":25,"column":25},"end":{"line":25,"column":80}},"16":{"start":{"line":26,"column":4},"end":{"line":26,"column":39}},"17":{"start":{"line":29,"column":0},"end":{"line":32,"column":3}},"18":{"start":{"line":30,"column":25},"end":{"line":30,"column":83}},"19":{"start":{"line":31,"column":4},"end":{"line":31,"column":39}},"20":{"start":{"line":34,"column":0},"end":{"line":37,"column":3}},"21":{"start":{"line":35,"column":20},"end":{"line":35,"column":75}},"22":{"start":{"line":36,"column":4},"end":{"line":36,"column":34}},"23":{"start":{"line":39,"column":0},"end":{"line":42,"column":3}},"24":{"start":{"line":40,"column":19},"end":{"line":40,"column":64}},"25":{"start":{"line":41,"column":4},"end":{"line":41,"column":33}},"26":{"start":{"line":44,"column":0},"end":{"line":48,"column":3}},"27":{"start":{"line":45,"column":40},"end":{"line":45,"column":48}},"28":{"start":{"line":46,"column":19},"end":{"line":46,"column":88}},"29":{"start":{"line":47,"column":4},"end":{"line":47,"column":33}}},"fnMap":{"0":{"name":"(anonymous_0)","decl":{"start":{"line":4,"column":32},"end":{"line":4,"column":33}},"loc":{"start":{"line":4,"column":58},"end":{"line":7,"column":1}},"line":4},"1":{"name":"(anonymous_1)","decl":{"start":{"line":9,"column":38},"end":{"line":9,"column":39}},"loc":{"start":{"line":9,"column":64},"end":{"line":12,"column":1}},"line":9},"2":{"name":"(anonymous_2)","decl":{"start":{"line":14,"column":33},"end":{"line":14,"column":34}},"loc":{"start":{"line":14,"column":59},"end":{"line":17,"column":1}},"line":14},"3":{"name":"(anonymous_3)","decl":{"start":{"line":19,"column":39},"end":{"line":19,"column":40}},"loc":{"start":{"line":19,"column":65},"end":{"line":22,"column":1}},"line":19},"4":{"name":"(anonymous_4)","decl":{"start":{"line":24,"column":33},"end":{"line":24,"column":34}},"loc":{"start":{"line":24,"column":59},"end":{"line":27,"column":1}},"line":24},"5":{"name":"(anonymous_5)","decl":{"start":{"line":29,"column":36},"end":{"line":29,"column":37}},"loc":{"start":{"line":29,"column":62},"end":{"line":32,"column":1}},"line":29},"6":{"name":"(anonymous_6)","decl":{"start":{"line":34,"column":40},"end":{"line":34,"column":41}},"loc":{"start":{"line":34,"column":66},"end":{"line":37,"column":1}},"line":34},"7":{"name":"(anonymous_7)","decl":{"start":{"line":39,"column":33},"end":{"line":39,"column":34}},"loc":{"start":{"line":39,"column":59},"end":{"line":42,"column":1}},"line":39},"8":{"name":"(anonymous_8)","decl":{"start":{"line":44,"column":47},"end":{"line":44,"column":48}},"loc":{"start":{"line":44,"column":73},"end":{"line":48,"column":1}},"line":44}},"branchMap":{},"s":{"0":2,"1":2,"2":2,"3":1,"4":1,"5":2,"6":0,"7":0,"8":2,"9":0,"10":0,"11":2,"12":1,"13":1,"14":2,"15":0,"16":0,"17":2,"18":0,"19":0,"20":2,"21":1,"22":1,"23":2,"24":0,"25":0,"26":2,"27":1,"28":1,"29":1},"f":{"0":1,"1":0,"2":0,"3":1,"4":0,"5":0,"6":1,"7":0,"8":1},"b":{},"_coverageSchema":"1a1c01bbd47fc00a2c39e90264f33305004495a9","hash":"78c2d904ead3e0fee8d3f88f9230adea37524017"}
,"/home/sagar/attendance-guardian/backend/src/middleware/auth.js": {"path":"/home/sagar/attendance-guardian/backend/src/middleware/auth.js","statementMap":{"0":{"start":{"line":1,"column":12},"end":{"line":1,"column":35}},"1":{"start":{"line":4,"column":21},"end":{"line":4,"column":46}},"2":{"start":{"line":6,"column":2},"end":{"line":8,"column":3}},"3":{"start":{"line":7,"column":4},"end":{"line":7,"column":66}},"4":{"start":{"line":10,"column":20},"end":{"line":10,"column":41}},"5":{"start":{"line":12,"column":2},"end":{"line":18,"column":3}},"6":{"start":{"line":13,"column":20},"end":{"line":13,"column":61}},"7":{"start":{"line":14,"column":4},"end":{"line":14,"column":23}},"8":{"start":{"line":15,"column":4},"end":{"line":15,"column":11}},"9":{"start":{"line":17,"column":4},"end":{"line":17,"column":62}},"10":{"start":{"line":21,"column":0},"end":{"line":21,"column":22}}},"fnMap":{"0":{"name":"auth","decl":{"start":{"line":3,"column":9},"end":{"line":3,"column":13}},"loc":{"start":{"line":3,"column":30},"end":{"line":19,"column":1}},"line":3}},"branchMap":{"0":{"loc":{"start":{"line":6,"column":2},"end":{"line":8,"column":3}},"type":"if","locations":[{"start":{"line":6,"column":2},"end":{"line":8,"column":3}},{"start":{},"end":{}}],"line":6}},"s":{"0":2,"1":3,"2":3,"3":1,"4":2,"5":2,"6":2,"7":1,"8":1,"9":1,"10":2},"f":{"0":3},"b":{"0":[1,2]},"_coverageSchema":"1a1c01bbd47fc00a2c39e90264f33305004495a9","hash":"7d4dd6f47a388de0b0411921e6dc3ad53c2b8e11"}
,"/home/sagar/attendance-guardian/backend/src/routes/auth.js": {"path":"/home/sagar/attendance-guardian/backend/src/routes/auth.js","statementMap":{"0":{"start":{"line":1,"column":16},"end":{"line":1,"column":34}},"1":{"start":{"line":2,"column":15},"end":{"line":2,"column":34}},"2":{"start":{"line":3,"column":12},"end":{"line":3,"column":35}},"3":{"start":{"line":4,"column":15},"end":{"line":4,"column":35}},"4":{"start":{"line":6,"column":15},"end":{"line":6,"column":31}},"5":{"start":{"line":7,"column":19},"end":{"line":7,"column":57}},"6":{"start":{"line":9,"column":0},"end":{"line":11,"column":1}},"7":{"start":{"line":10,"column":2},"end":{"line":10,"column":83}},"8":{"start":{"line":14,"column":0},"end":{"line":49,"column":3}},"9":{"start":{"line":15,"column":2},"end":{"line":48,"column":3}},"10":{"start":{"line":16,"column":4},"end":{"line":16,"column":69}},"11":{"start":{"line":17,"column":4},"end":{"line":17,"column":42}},"12":{"start":{"line":18,"column":38},"end":{"line":18,"column":46}},"13":{"start":{"line":21,"column":4},"end":{"line":26,"column":5}},"14":{"start":{"line":22,"column":6},"end":{"line":25,"column":9}},"15":{"start":{"line":28,"column":21},"end":{"line":28,"column":71}},"16":{"start":{"line":29,"column":4},"end":{"line":31,"column":5}},"17":{"start":{"line":30,"column":6},"end":{"line":30,"column":71}},"18":{"start":{"line":33,"column":17},"end":{"line":33,"column":48}},"19":{"start":{"line":35,"column":17},"end":{"line":37,"column":6}},"20":{"start":{"line":39,"column":18},"end":{"line":39,"column":80}},"21":{"start":{"line":41,"column":4},"end":{"line":41,"column":83}},"22":{"start":{"line":43,"column":4},"end":{"line":43,"column":43}},"23":{"start":{"line":44,"column":4},"end":{"line":44,"column":43}},"24":{"start":{"line":45,"column":4},"end":{"line":45,"column":39}},"25":{"start":{"line":46,"column":4},"end":{"line":46,"column":38}},"26":{"start":{"line":47,"column":4},"end":{"line":47,"column":75}},"27":{"start":{"line":52,"column":0},"end":{"line":77,"column":3}},"28":{"start":{"line":53,"column":2},"end":{"line":76,"column":3}},"29":{"start":{"line":54,"column":32},"end":{"line":54,"column":40}},"30":{"start":{"line":57,"column":4},"end":{"line":62,"column":5}},"31":{"start":{"line":58,"column":6},"end":{"line":61,"column":9}},"32":{"start":{"line":64,"column":17},"end":{"line":64,"column":67}},"33":{"start":{"line":65,"column":4},"end":{"line":65,"column":79}},"34":{"start":{"line":65,"column":15},"end":{"line":65,"column":79}},"35":{"start":{"line":67,"column":18},"end":{"line":67,"column":63}},"36":{"start":{"line":68,"column":4},"end":{"line":68,"column":80}},"37":{"start":{"line":68,"column":16},"end":{"line":68,"column":80}},"38":{"start":{"line":70,"column":18},"end":{"line":70,"column":80}},"39":{"start":{"line":72,"column":4},"end":{"line":72,"column":83}},"40":{"start":{"line":74,"column":4},"end":{"line":74,"column":23}},"41":{"start":{"line":75,"column":4},"end":{"line":75,"column":54}},"42":{"start":{"line":79,"column":0},"end":{"line":79,"column":24}}},"fnMap":{"0":{"name":"(anonymous_0)","decl":{"start":{"line":14,"column":23},"end":{"line":14,"column":24}},"loc":{"start":{"line":14,"column":43},"end":{"line":49,"column":1}},"line":14},"1":{"name":"(anonymous_1)","decl":{"start":{"line":52,"column":22},"end":{"line":52,"column":23}},"loc":{"start":{"line":52,"column":42},"end":{"line":77,"column":1}},"line":52}},"branchMap":{"0":{"loc":{"start":{"line":7,"column":19},"end":{"line":7,"column":57}},"type":"binary-expr","locations":[{"start":{"line":7,"column":19},"end":{"line":7,"column":41}},{"start":{"line":7,"column":45},"end":{"line":7,"column":57}}],"line":7},"1":{"loc":{"start":{"line":9,"column":0},"end":{"line":11,"column":1}},"type":"if","locations":[{"start":{"line":9,"column":0},"end":{"line":11,"column":1}},{"start":{},"end":{}}],"line":9},"2":{"loc":{"start":{"line":21,"column":4},"end":{"line":26,"column":5}},"type":"if","locations":[{"start":{"line":21,"column":4},"end":{"line":26,"column":5}},{"start":{},"end":{}}],"line":21},"3":{"loc":{"start":{"line":21,"column":8},"end":{"line":21,"column":36}},"type":"binary-expr","locations":[{"start":{"line":21,"column":8},"end":{"line":21,"column":14}},{"start":{"line":21,"column":18},"end":{"line":21,"column":27}},{"start":{"line":21,"column":31},"end":{"line":21,"column":36}}],"line":21},"4":{"loc":{"start":{"line":29,"column":4},"end":{"line":31,"column":5}},"type":"if","locations":[{"start":{"line":29,"column":4},"end":{"line":31,"column":5}},{"start":{},"end":{}}],"line":29},"5":{"loc":{"start":{"line":57,"column":4},"end":{"line":62,"column":5}},"type":"if","locations":[{"start":{"line":57,"column":4},"end":{"line":62,"column":5}},{"start":{},"end":{}}],"line":57},"6":{"loc":{"start":{"line":57,"column":8},"end":{"line":57,"column":27}},"type":"binary-expr","locations":[{"start":{"line":57,"column":8},"end":{"line":57,"column":14}},{"start":{"line":57,"column":18},"end":{"line":57,"column":27}}],"line":57},"7":{"loc":{"start":{"line":65,"column":4},"end":{"line":65,"column":79}},"type":"if","locations":[{"start":{"line":65,"column":4},"end":{"line":65,"column":79}},{"start":{},"end":{}}],"line":65},"8":{"loc":{"start":{"line":68,"column":4},"end":{"line":68,"column":80}},"type":"if","locations":[{"start":{"line":68,"column":4},"end":{"line":68,"column":80}},{"start":{},"end":{}}],"line":68}},"s":{"0":3,"1":3,"2":3,"3":3,"4":3,"5":3,"6":3,"7":3,"8":3,"9":22,"10":22,"11":22,"12":22,"13":22,"14":0,"15":22,"16":22,"17":1,"18":21,"19":21,"20":21,"21":21,"22":0,"23":0,"24":0,"25":0,"26":0,"27":3,"28":13,"29":13,"30":13,"31":1,"32":12,"33":12,"34":1,"35":11,"36":11,"37":0,"38":11,"39":11,"40":0,"41":0,"42":3},"f":{"0":22,"1":13},"b":{"0":[3,3],"1":[3,0],"2":[0,22],"3":[22,22,22],"4":[1,21],"5":[1,12],"6":[13,12],"7":[1,11],"8":[0,11]},"_coverageSchema":"1a1c01bbd47fc00a2c39e90264f33305004495a9","hash":"7a1c95e47501c1fa48d2a085abb340ea96fe15d8"}
,"/home/sagar/attendance-guardian/backend/src/routes/class.js": {"path":"/home/sagar/attendance-guardian/backend/src/routes/class.js","statementMap":{"0":{"start":{"line":1,"column":16},"end":{"line":1,"column":34}},"1":{"start":{"line":2,"column":15},"end":{"line":2,"column":35}},"2":{"start":{"line":4,"column":15},"end":{"line":4,"column":31}},"3":{"start":{"line":7,"column":0},"end":{"line":28,"column":3}},"4":{"start":{"line":8,"column":2},"end":{"line":27,"column":3}},"5":{"start":{"line":9,"column":46},"end":{"line":9,"column":55}},"6":{"start":{"line":11,"column":18},"end":{"line":11,"column":31}},"7":{"start":{"line":12,"column":4},"end":{"line":16,"column":5}},"8":{"start":{"line":13,"column":6},"end":{"line":13,"column":22}},"9":{"start":{"line":14,"column":6},"end":{"line":14,"column":58}},"10":{"start":{"line":14,"column":21},"end":{"line":14,"column":58}},"11":{"start":{"line":15,"column":6},"end":{"line":15,"column":54}},"12":{"start":{"line":15,"column":19},"end":{"line":15,"column":54}},"13":{"start":{"line":18,"column":20},"end":{"line":22,"column":6}},"14":{"start":{"line":24,"column":4},"end":{"line":24,"column":22}},"15":{"start":{"line":26,"column":4},"end":{"line":26,"column":51}},"16":{"start":{"line":31,"column":0},"end":{"line":53,"column":3}},"17":{"start":{"line":32,"column":2},"end":{"line":52,"column":3}},"18":{"start":{"line":33,"column":21},"end":{"line":33,"column":31}},"19":{"start":{"line":34,"column":27},"end":{"line":34,"column":36}},"20":{"start":{"line":36,"column":20},"end":{"line":47,"column":6}},"21":{"start":{"line":49,"column":4},"end":{"line":49,"column":22}},"22":{"start":{"line":51,"column":4},"end":{"line":51,"column":51}},"23":{"start":{"line":56,"column":0},"end":{"line":73,"column":3}},"24":{"start":{"line":57,"column":2},"end":{"line":72,"column":3}},"25":{"start":{"line":58,"column":19},"end":{"line":58,"column":29}},"26":{"start":{"line":59,"column":30},"end":{"line":59,"column":38}},"27":{"start":{"line":61,"column":25},"end":{"line":67,"column":6}},"28":{"start":{"line":69,"column":4},"end":{"line":69,"column":27}},"29":{"start":{"line":71,"column":4},"end":{"line":71,"column":51}},"30":{"start":{"line":76,"column":0},"end":{"line":100,"column":3}},"31":{"start":{"line":77,"column":2},"end":{"line":99,"column":3}},"32":{"start":{"line":78,"column":24},"end":{"line":78,"column":32}},"33":{"start":{"line":81,"column":25},"end":{"line":81,"column":27}},"34":{"start":{"line":82,"column":4},"end":{"line":85,"column":5}},"35":{"start":{"line":83,"column":6},"end":{"line":83,"column":59}},"36":{"start":{"line":83,"column":33},"end":{"line":83,"column":59}},"37":{"start":{"line":84,"column":6},"end":{"line":84,"column":36}},"38":{"start":{"line":87,"column":23},"end":{"line":92,"column":5}},"39":{"start":{"line":88,"column":6},"end":{"line":91,"column":8}},"40":{"start":{"line":94,"column":20},"end":{"line":94,"column":57}},"41":{"start":{"line":96,"column":4},"end":{"line":96,"column":22}},"42":{"start":{"line":98,"column":4},"end":{"line":98,"column":51}},"43":{"start":{"line":103,"column":0},"end":{"line":123,"column":3}},"44":{"start":{"line":104,"column":2},"end":{"line":122,"column":3}},"45":{"start":{"line":105,"column":78},"end":{"line":105,"column":86}},"46":{"start":{"line":107,"column":23},"end":{"line":117,"column":6}},"47":{"start":{"line":119,"column":4},"end":{"line":119,"column":37}},"48":{"start":{"line":121,"column":4},"end":{"line":121,"column":51}},"49":{"start":{"line":126,"column":0},"end":{"line":146,"column":3}},"50":{"start":{"line":127,"column":2},"end":{"line":145,"column":3}},"51":{"start":{"line":128,"column":24},"end":{"line":128,"column":32}},"52":{"start":{"line":130,"column":19},"end":{"line":140,"column":6}},"53":{"start":{"line":131,"column":32},"end":{"line":139,"column":7}},"54":{"start":{"line":142,"column":4},"end":{"line":142,"column":33}},"55":{"start":{"line":144,"column":4},"end":{"line":144,"column":51}},"56":{"start":{"line":149,"column":0},"end":{"line":170,"column":3}},"57":{"start":{"line":150,"column":2},"end":{"line":169,"column":3}},"58":{"start":{"line":151,"column":19},"end":{"line":151,"column":29}},"59":{"start":{"line":152,"column":67},"end":{"line":152,"column":75}},"60":{"start":{"line":154,"column":25},"end":{"line":164,"column":6}},"61":{"start":{"line":166,"column":4},"end":{"line":166,"column":27}},"62":{"start":{"line":168,"column":4},"end":{"line":168,"column":51}},"63":{"start":{"line":173,"column":0},"end":{"line":181,"column":3}},"64":{"start":{"line":174,"column":2},"end":{"line":180,"column":3}},"65":{"start":{"line":175,"column":19},"end":{"line":175,"column":29}},"66":{"start":{"line":176,"column":4},"end":{"line":176,"column":49}},"67":{"start":{"line":177,"column":4},"end":{"line":177,"column":56}},"68":{"start":{"line":179,"column":4},"end":{"line":179,"column":51}},"69":{"start":{"line":184,"column":24},"end":{"line":184,"column":65}},"70":{"start":{"line":185,"column":0},"end":{"line":185,"column":69}},"71":{"start":{"line":187,"column":0},"end":{"line":187,"column":24}}},"fnMap":{"0":{"name":"(anonymous_0)","decl":{"start":{"line":7,"column":16},"end":{"line":7,"column":17}},"loc":{"start":{"line":7,"column":36},"end":{"line":28,"column":1}},"line":7},"1":{"name":"(anonymous_1)","decl":{"start":{"line":31,"column":26},"end":{"line":31,"column":27}},"loc":{"start":{"line":31,"column":46},"end":{"line":53,"column":1}},"line":31},"2":{"name":"(anonymous_2)","decl":{"start":{"line":56,"column":32},"end":{"line":56,"column":33}},"loc":{"start":{"line":56,"column":52},"end":{"line":73,"column":1}},"line":56},"3":{"name":"(anonymous_3)","decl":{"start":{"line":76,"column":32},"end":{"line":76,"column":33}},"loc":{"start":{"line":76,"column":52},"end":{"line":100,"column":1}},"line":76},"4":{"name":"(anonymous_4)","decl":{"start":{"line":87,"column":56},"end":{"line":87,"column":57}},"loc":{"start":{"line":88,"column":6},"end":{"line":91,"column":8}},"line":88},"5":{"name":"(anonymous_5)","decl":{"start":{"line":103,"column":17},"end":{"line":103,"column":18}},"loc":{"start":{"line":103,"column":37},"end":{"line":123,"column":1}},"line":103},"6":{"name":"(anonymous_6)","decl":{"start":{"line":126,"column":21},"end":{"line":126,"column":22}},"loc":{"start":{"line":126,"column":41},"end":{"line":146,"column":1}},"line":126},"7":{"name":"(anonymous_7)","decl":{"start":{"line":131,"column":24},"end":{"line":131,"column":25}},"loc":{"start":{"line":131,"column":32},"end":{"line":139,"column":7}},"line":131},"8":{"name":"(anonymous_8)","decl":{"start":{"line":149,"column":19},"end":{"line":149,"column":20}},"loc":{"start":{"line":149,"column":39},"end":{"line":170,"column":1}},"line":149},"9":{"name":"(anonymous_9)","decl":{"start":{"line":173,"column":22},"end":{"line":173,"column":23}},"loc":{"start":{"line":173,"column":42},"end":{"line":181,"column":1}},"line":173}},"branchMap":{"0":{"loc":{"start":{"line":12,"column":4},"end":{"line":16,"column":5}},"type":"if","locations":[{"start":{"line":12,"column":4},"end":{"line":16,"column":5}},{"start":{},"end":{}}],"line":12},"1":{"loc":{"start":{"line":12,"column":8},"end":{"line":12,"column":28}},"type":"binary-expr","locations":[{"start":{"line":12,"column":8},"end":{"line":12,"column":17}},{"start":{"line":12,"column":21},"end":{"line":12,"column":28}}],"line":12},"2":{"loc":{"start":{"line":14,"column":6},"end":{"line":14,"column":58}},"type":"if","locations":[{"start":{"line":14,"column":6},"end":{"line":14,"column":58}},{"start":{},"end":{}}],"line":14},"3":{"loc":{"start":{"line":15,"column":6},"end":{"line":15,"column":54}},"type":"if","locations":[{"start":{"line":15,"column":6},"end":{"line":15,"column":54}},{"start":{},"end":{}}],"line":15},"4":{"loc":{"start":{"line":65,"column":12},"end":{"line":65,"column":30}},"type":"binary-expr","locations":[{"start":{"line":65,"column":12},"end":{"line":65,"column":17}},{"start":{"line":65,"column":21},"end":{"line":65,"column":30}}],"line":65},"5":{"loc":{"start":{"line":83,"column":6},"end":{"line":83,"column":59}},"type":"if","locations":[{"start":{"line":83,"column":6},"end":{"line":83,"column":59}},{"start":{},"end":{}}],"line":83},"6":{"loc":{"start":{"line":114,"column":16},"end":{"line":114,"column":37}},"type":"binary-expr","locations":[{"start":{"line":114,"column":16},"end":{"line":114,"column":22}},{"start":{"line":114,"column":26},"end":{"line":114,"column":37}}],"line":114},"7":{"loc":{"start":{"line":137,"column":16},"end":{"line":137,"column":41}},"type":"binary-expr","locations":[{"start":{"line":137,"column":16},"end":{"line":137,"column":26}},{"start":{"line":137,"column":30},"end":{"line":137,"column":41}}],"line":137},"8":{"loc":{"start":{"line":157,"column":12},"end":{"line":157,"column":44}},"type":"binary-expr","locations":[{"start":{"line":157,"column":12},"end":{"line":157,"column":16}},{"start":{"line":157,"column":20},"end":{"line":157,"column":44}}],"line":157},"9":{"loc":{"start":{"line":158,"column":12},"end":{"line":158,"column":38}},"type":"binary-expr","locations":[{"start":{"line":158,"column":12},"end":{"line":158,"column":21}},{"start":{"line":158,"column":25},"end":{"line":158,"column":38}}],"line":158},"10":{"loc":{"start":{"line":159,"column":12},"end":{"line":159,"column":38}},"type":"binary-expr","locations":[{"start":{"line":159,"column":12},"end":{"line":159,"column":21}},{"start":{"line":159,"column":25},"end":{"line":159,"column":38}}],"line":159},"11":{"loc":{"start":{"line":160,"column":12},"end":{"line":160,"column":34}},"type":"binary-expr","locations":[{"start":{"line":160,"column":12},"end":{"line":160,"column":19}},{"start":{"line":160,"column":23},"end":{"line":160,"column":34}}],"line":160},"12":{"loc":{"start":{"line":161,"column":12},"end":{"line":161,"column":32}},"type":"binary-expr","locations":[{"start":{"line":161,"column":12},"end":{"line":161,"column":18}},{"start":{"line":161,"column":22},"end":{"line":161,"column":32}}],"line":161},"13":{"loc":{"start":{"line":162,"column":12},"end":{"line":162,"column":44}},"type":"binary-expr","locations":[{"start":{"line":162,"column":12},"end":{"line":162,"column":31}},{"start":{"line":162,"column":35},"end":{"line":162,"column":44}}],"line":162}},"s":{"0":1,"1":1,"2":1,"3":1,"4":1,"5":1,"6":1,"7":1,"8":0,"9":0,"10":0,"11":0,"12":0,"13":1,"14":1,"15":0,"16":1,"17":0,"18":0,"19":0,"20":0,"21":0,"22":0,"23":1,"24":0,"25":0,"26":0,"27":0,"28":0,"29":0,"30":1,"31":0,"32":0,"33":0,"34":0,"35":0,"36":0,"37":0,"38":0,"39":0,"40":0,"41":0,"42":0,"43":1,"44":1,"45":1,"46":1,"47":1,"48":0,"49":1,"50":0,"51":0,"52":0,"53":0,"54":0,"55":0,"56":1,"57":0,"58":0,"59":0,"60":0,"61":0,"62":0,"63":1,"64":0,"65":0,"66":0,"67":0,"68":0,"69":1,"70":1,"71":1},"f":{"0":1,"1":0,"2":0,"3":0,"4":0,"5":1,"6":0,"7":0,"8":0,"9":0},"b":{"0":[0,1],"1":[1,1],"2":[0,0],"3":[0,0],"4":[0,0],"5":[0,0],"6":[1,1],"7":[0,0],"8":[0,0],"9":[0,0],"10":[0,0],"11":[0,0],"12":[0,0],"13":[0,0]},"_coverageSchema":"1a1c01bbd47fc00a2c39e90264f33305004495a9","hash":"4b6531f7604eb2e1d10185d2cd01e1d2ad217c66"}
,"/home/sagar/attendance-guardian/backend/src/routes/courses.js": {"path":"/home/sagar/attendance-guardian/backend/src/routes/courses.js","statementMap":{"0":{"start":{"line":1,"column":16},"end":{"line":1,"column":34}},"1":{"start":{"line":2,"column":15},"end":{"line":2,"column":35}},"2":{"start":{"line":3,"column":13},"end":{"line":3,"column":42}},"3":{"start":{"line":5,"column":15},"end":{"line":5,"column":31}},"4":{"start":{"line":8,"column":0},"end":{"line":52,"column":3}},"5":{"start":{"line":9,"column":2},"end":{"line":51,"column":3}},"6":{"start":{"line":21,"column":8},"end":{"line":21,"column":16}},"7":{"start":{"line":24,"column":21},"end":{"line":26,"column":6}},"8":{"start":{"line":28,"column":4},"end":{"line":30,"column":5}},"9":{"start":{"line":29,"column":6},"end":{"line":29,"column":82}},"10":{"start":{"line":32,"column":19},"end":{"line":45,"column":6}},"11":{"start":{"line":47,"column":4},"end":{"line":47,"column":21}},"12":{"start":{"line":49,"column":4},"end":{"line":49,"column":23}},"13":{"start":{"line":50,"column":4},"end":{"line":50,"column":65}},"14":{"start":{"line":55,"column":0},"end":{"line":89,"column":3}},"15":{"start":{"line":56,"column":2},"end":{"line":88,"column":3}},"16":{"start":{"line":57,"column":27},"end":{"line":57,"column":37}},"17":{"start":{"line":60,"column":21},"end":{"line":62,"column":6}},"18":{"start":{"line":64,"column":4},"end":{"line":66,"column":5}},"19":{"start":{"line":65,"column":6},"end":{"line":65,"column":82}},"20":{"start":{"line":68,"column":20},"end":{"line":71,"column":6}},"21":{"start":{"line":73,"column":24},"end":{"line":82,"column":6}},"22":{"start":{"line":74,"column":19},"end":{"line":74,"column":42}},"23":{"start":{"line":75,"column":23},"end":{"line":75,"column":45}},"24":{"start":{"line":76,"column":22},"end":{"line":76,"column":62}},"25":{"start":{"line":78,"column":6},"end":{"line":81,"column":8}},"26":{"start":{"line":84,"column":4},"end":{"line":84,"column":26}},"27":{"start":{"line":86,"column":4},"end":{"line":86,"column":23}},"28":{"start":{"line":87,"column":4},"end":{"line":87,"column":65}},"29":{"start":{"line":91,"column":0},"end":{"line":91,"column":24}}},"fnMap":{"0":{"name":"(anonymous_0)","decl":{"start":{"line":8,"column":23},"end":{"line":8,"column":24}},"loc":{"start":{"line":8,"column":43},"end":{"line":52,"column":1}},"line":8},"1":{"name":"(anonymous_1)","decl":{"start":{"line":55,"column":33},"end":{"line":55,"column":34}},"loc":{"start":{"line":55,"column":53},"end":{"line":89,"column":1}},"line":55},"2":{"name":"(anonymous_2)","decl":{"start":{"line":73,"column":36},"end":{"line":73,"column":37}},"loc":{"start":{"line":73,"column":43},"end":{"line":82,"column":5}},"line":73}},"branchMap":{"0":{"loc":{"start":{"line":28,"column":4},"end":{"line":30,"column":5}},"type":"if","locations":[{"start":{"line":28,"column":4},"end":{"line":30,"column":5}},{"start":{},"end":{}}],"line":28},"1":{"loc":{"start":{"line":38,"column":31},"end":{"line":38,"column":57}},"type":"binary-expr","locations":[{"start":{"line":38,"column":31},"end":{"line":38,"column":52}},{"start":{"line":38,"column":56},"end":{"line":38,"column":57}}],"line":38},"2":{"loc":{"start":{"line":39,"column":30},"end":{"line":39,"column":55}},"type":"binary-expr","locations":[{"start":{"line":39,"column":30},"end":{"line":39,"column":50}},{"start":{"line":39,"column":54},"end":{"line":39,"column":55}}],"line":39},"3":{"loc":{"start":{"line":42,"column":30},"end":{"line":42,"column":55}},"type":"binary-expr","locations":[{"start":{"line":42,"column":30},"end":{"line":42,"column":50}},{"start":{"line":42,"column":54},"end":{"line":42,"column":55}}],"line":42},"4":{"loc":{"start":{"line":43,"column":27},"end":{"line":43,"column":49}},"type":"binary-expr","locations":[{"start":{"line":43,"column":27},"end":{"line":43,"column":44}},{"start":{"line":43,"column":48},"end":{"line":43,"column":49}}],"line":43},"5":{"loc":{"start":{"line":64,"column":4},"end":{"line":66,"column":5}},"type":"if","locations":[{"start":{"line":64,"column":4},"end":{"line":66,"column":5}},{"start":{},"end":{}}],"line":64},"6":{"loc":{"start":{"line":76,"column":22},"end":{"line":76,"column":62}},"type":"cond-expr","locations":[{"start":{"line":76,"column":35},"end":{"line":76,"column":36}},{"start":{"line":76,"column":39},"end":{"line":76,"column":62}}],"line":76}},"s":{"0":2,"1":2,"2":2,"3":2,"4":2,"5":1,"6":1,"7":1,"8":1,"9":0,"10":1,"11":1,"12":0,"13":0,"14":2,"15":0,"16":0,"17":0,"18":0,"19":0,"20":0,"21":0,"22":0,"23":0,"24":0,"25":0,"26":0,"27":0,"28":0,"29":2},"f":{"0":1,"1":0,"2":0},"b":{"0":[0,1],"1":[1,1],"2":[1,1],"3":[1,1],"4":[1,1],"5":[0,0],"6":[0,0]},"_coverageSchema":"1a1c01bbd47fc00a2c39e90264f33305004495a9","hash":"0994188d537af0af26a92244b446e833a0a0424b"}
,"/home/sagar/attendance-guardian/backend/src/routes/holiday.js": {"path":"/home/sagar/attendance-guardian/backend/src/routes/holiday.js","statementMap":{"0":{"start":{"line":1,"column":16},"end":{"line":1,"column":34}},"1":{"start":{"line":2,"column":15},"end":{"line":2,"column":35}},"2":{"start":{"line":4,"column":15},"end":{"line":4,"column":31}},"3":{"start":{"line":7,"column":0},"end":{"line":20,"column":3}},"4":{"start":{"line":8,"column":2},"end":{"line":19,"column":3}},"5":{"start":{"line":9,"column":27},"end":{"line":9,"column":36}},"6":{"start":{"line":11,"column":21},"end":{"line":14,"column":6}},"7":{"start":{"line":16,"column":4},"end":{"line":16,"column":23}},"8":{"start":{"line":18,"column":4},"end":{"line":18,"column":51}},"9":{"start":{"line":23,"column":0},"end":{"line":40,"column":3}},"10":{"start":{"line":24,"column":2},"end":{"line":39,"column":3}},"11":{"start":{"line":25,"column":45},"end":{"line":25,"column":53}},"12":{"start":{"line":27,"column":20},"end":{"line":34,"column":6}},"13":{"start":{"line":36,"column":4},"end":{"line":36,"column":34}},"14":{"start":{"line":38,"column":4},"end":{"line":38,"column":51}},"15":{"start":{"line":43,"column":0},"end":{"line":64,"column":3}},"16":{"start":{"line":44,"column":2},"end":{"line":63,"column":3}},"17":{"start":{"line":45,"column":25},"end":{"line":45,"column":33}},"18":{"start":{"line":47,"column":20},"end":{"line":58,"column":5}},"19":{"start":{"line":49,"column":8},"end":{"line":56,"column":10}},"20":{"start":{"line":60,"column":4},"end":{"line":60,"column":34}},"21":{"start":{"line":62,"column":4},"end":{"line":62,"column":51}},"22":{"start":{"line":67,"column":0},"end":{"line":75,"column":3}},"23":{"start":{"line":68,"column":2},"end":{"line":74,"column":3}},"24":{"start":{"line":69,"column":19},"end":{"line":69,"column":29}},"25":{"start":{"line":70,"column":4},"end":{"line":70,"column":51}},"26":{"start":{"line":71,"column":4},"end":{"line":71,"column":58}},"27":{"start":{"line":73,"column":4},"end":{"line":73,"column":51}},"28":{"start":{"line":77,"column":0},"end":{"line":77,"column":24}}},"fnMap":{"0":{"name":"(anonymous_0)","decl":{"start":{"line":7,"column":16},"end":{"line":7,"column":17}},"loc":{"start":{"line":7,"column":36},"end":{"line":20,"column":1}},"line":7},"1":{"name":"(anonymous_1)","decl":{"start":{"line":23,"column":17},"end":{"line":23,"column":18}},"loc":{"start":{"line":23,"column":37},"end":{"line":40,"column":1}},"line":23},"2":{"name":"(anonymous_2)","decl":{"start":{"line":43,"column":21},"end":{"line":43,"column":22}},"loc":{"start":{"line":43,"column":41},"end":{"line":64,"column":1}},"line":43},"3":{"name":"(anonymous_3)","decl":{"start":{"line":48,"column":19},"end":{"line":48,"column":20}},"loc":{"start":{"line":49,"column":8},"end":{"line":56,"column":10}},"line":49},"4":{"name":"(anonymous_4)","decl":{"start":{"line":67,"column":22},"end":{"line":67,"column":23}},"loc":{"start":{"line":67,"column":42},"end":{"line":75,"column":1}},"line":67}},"branchMap":{"0":{"loc":{"start":{"line":31,"column":14},"end":{"line":31,"column":31}},"type":"binary-expr","locations":[{"start":{"line":31,"column":14},"end":{"line":31,"column":18}},{"start":{"line":31,"column":22},"end":{"line":31,"column":31}}],"line":31},"1":{"loc":{"start":{"line":53,"column":18},"end":{"line":53,"column":43}},"type":"binary-expr","locations":[{"start":{"line":53,"column":18},"end":{"line":53,"column":30}},{"start":{"line":53,"column":34},"end":{"line":53,"column":43}}],"line":53}},"s":{"0":1,"1":1,"2":1,"3":1,"4":2,"5":2,"6":2,"7":1,"8":1,"9":1,"10":3,"11":3,"12":3,"13":2,"14":1,"15":1,"16":2,"17":2,"18":2,"19":2,"20":1,"21":1,"22":1,"23":2,"24":2,"25":2,"26":1,"27":1,"28":1},"f":{"0":2,"1":3,"2":2,"3":2,"4":2},"b":{"0":[3,2],"1":[2,1]},"_coverageSchema":"1a1c01bbd47fc00a2c39e90264f33305004495a9","hash":"6e9ea2a3eea7f203a2ae3615f28617345e754c89"}
,"/home/sagar/attendance-guardian/backend/src/routes/semesters.js": {"path":"/home/sagar/attendance-guardian/backend/src/routes/semesters.js","statementMap":{"0":{"start":{"line":1,"column":16},"end":{"line":1,"column":34}},"1":{"start":{"line":2,"column":15},"end":{"line":2,"column":35}},"2":{"start":{"line":3,"column":13},"end":{"line":3,"column":42}},"3":{"start":{"line":4,"column":18},"end":{"line":4,"column":39}},"4":{"start":{"line":6,"column":15},"end":{"line":6,"column":31}},"5":{"start":{"line":7,"column":22},"end":{"line":7,"column":67}},"6":{"start":{"line":10,"column":0},"end":{"line":25,"column":3}},"7":{"start":{"line":11,"column":2},"end":{"line":24,"column":3}},"8":{"start":{"line":12,"column":19},"end":{"line":12,"column":34}},"9":{"start":{"line":13,"column":22},"end":{"line":20,"column":6}},"10":{"start":{"line":21,"column":4},"end":{"line":21,"column":24}},"11":{"start":{"line":23,"column":4},"end":{"line":23,"column":51}},"12":{"start":{"line":28,"column":0},"end":{"line":110,"column":3}},"13":{"start":{"line":29,"column":2},"end":{"line":109,"column":3}},"14":{"start":{"line":30,"column":19},"end":{"line":30,"column":34}},"15":{"start":{"line":33,"column":27},"end":{"line":33,"column":52}},"16":{"start":{"line":34,"column":4},"end":{"line":36,"column":5}},"17":{"start":{"line":35,"column":6},"end":{"line":35,"column":38}},"18":{"start":{"line":38,"column":16},"end":{"line":38,"column":26}},"19":{"start":{"line":40,"column":4},"end":{"line":40,"column":43}},"20":{"start":{"line":43,"column":25},"end":{"line":50,"column":6}},"21":{"start":{"line":52,"column":4},"end":{"line":52,"column":46}},"22":{"start":{"line":54,"column":19},"end":{"line":54,"column":23}},"23":{"start":{"line":56,"column":4},"end":{"line":80,"column":5}},"24":{"start":{"line":58,"column":27},"end":{"line":58,"column":31}},"25":{"start":{"line":59,"column":31},"end":{"line":59,"column":35}},"26":{"start":{"line":61,"column":6},"end":{"line":69,"column":7}},"27":{"start":{"line":62,"column":25},"end":{"line":62,"column":83}},"28":{"start":{"line":63,"column":8},"end":{"line":65,"column":9}},"29":{"start":{"line":64,"column":10},"end":{"line":64,"column":29}},"30":{"start":{"line":66,"column":8},"end":{"line":68,"column":9}},"31":{"start":{"line":67,"column":10},"end":{"line":67,"column":33}},"32":{"start":{"line":71,"column":6},"end":{"line":79,"column":7}},"33":{"start":{"line":72,"column":8},"end":{"line":72,"column":34}},"34":{"start":{"line":73,"column":13},"end":{"line":79,"column":7}},"35":{"start":{"line":74,"column":8},"end":{"line":74,"column":38}},"36":{"start":{"line":75,"column":13},"end":{"line":79,"column":7}},"37":{"start":{"line":76,"column":8},"end":{"line":76,"column":34}},"38":{"start":{"line":78,"column":8},"end":{"line":78,"column":35}},"39":{"start":{"line":83,"column":4},"end":{"line":101,"column":5}},"40":{"start":{"line":84,"column":24},"end":{"line":84,"column":34}},"41":{"start":{"line":85,"column":22},"end":{"line":85,"column":32}},"42":{"start":{"line":86,"column":6},"end":{"line":86,"column":47}},"43":{"start":{"line":88,"column":6},"end":{"line":100,"column":9}},"44":{"start":{"line":104,"column":4},"end":{"line":104,"column":40}},"45":{"start":{"line":106,"column":4},"end":{"line":106,"column":23}},"46":{"start":{"line":108,"column":4},"end":{"line":108,"column":51}},"47":{"start":{"line":113,"column":0},"end":{"line":132,"column":3}},"48":{"start":{"line":114,"column":2},"end":{"line":131,"column":3}},"49":{"start":{"line":115,"column":61},"end":{"line":115,"column":69}},"50":{"start":{"line":116,"column":19},"end":{"line":116,"column":34}},"51":{"start":{"line":118,"column":21},"end":{"line":126,"column":6}},"52":{"start":{"line":128,"column":4},"end":{"line":128,"column":35}},"53":{"start":{"line":130,"column":4},"end":{"line":130,"column":51}},"54":{"start":{"line":135,"column":0},"end":{"line":159,"column":3}},"55":{"start":{"line":136,"column":2},"end":{"line":158,"column":3}},"56":{"start":{"line":137,"column":19},"end":{"line":137,"column":29}},"57":{"start":{"line":138,"column":61},"end":{"line":138,"column":69}},"58":{"start":{"line":139,"column":19},"end":{"line":139,"column":34}},"59":{"start":{"line":142,"column":21},"end":{"line":142,"column":79}},"60":{"start":{"line":143,"column":4},"end":{"line":143,"column":82}},"61":{"start":{"line":143,"column":19},"end":{"line":143,"column":82}},"62":{"start":{"line":145,"column":21},"end":{"line":153,"column":6}},"63":{"start":{"line":155,"column":4},"end":{"line":155,"column":23}},"64":{"start":{"line":157,"column":4},"end":{"line":157,"column":51}},"65":{"start":{"line":162,"column":0},"end":{"line":176,"column":3}},"66":{"start":{"line":163,"column":2},"end":{"line":175,"column":3}},"67":{"start":{"line":164,"column":19},"end":{"line":164,"column":29}},"68":{"start":{"line":165,"column":19},"end":{"line":165,"column":34}},"69":{"start":{"line":168,"column":21},"end":{"line":168,"column":79}},"70":{"start":{"line":169,"column":4},"end":{"line":169,"column":82}},"71":{"start":{"line":169,"column":19},"end":{"line":169,"column":82}},"72":{"start":{"line":171,"column":4},"end":{"line":171,"column":52}},"73":{"start":{"line":172,"column":4},"end":{"line":172,"column":59}},"74":{"start":{"line":174,"column":4},"end":{"line":174,"column":51}},"75":{"start":{"line":178,"column":0},"end":{"line":178,"column":24}}},"fnMap":{"0":{"name":"(anonymous_0)","decl":{"start":{"line":10,"column":22},"end":{"line":10,"column":23}},"loc":{"start":{"line":10,"column":42},"end":{"line":25,"column":1}},"line":10},"1":{"name":"(anonymous_1)","decl":{"start":{"line":28,"column":29},"end":{"line":28,"column":30}},"loc":{"start":{"line":28,"column":49},"end":{"line":110,"column":1}},"line":28},"2":{"name":"(anonymous_2)","decl":{"start":{"line":113,"column":23},"end":{"line":113,"column":24}},"loc":{"start":{"line":113,"column":43},"end":{"line":132,"column":1}},"line":113},"3":{"name":"(anonymous_3)","decl":{"start":{"line":135,"column":25},"end":{"line":135,"column":26}},"loc":{"start":{"line":135,"column":45},"end":{"line":159,"column":1}},"line":135},"4":{"name":"(anonymous_4)","decl":{"start":{"line":162,"column":28},"end":{"line":162,"column":29}},"loc":{"start":{"line":162,"column":48},"end":{"line":176,"column":1}},"line":162}},"branchMap":{"0":{"loc":{"start":{"line":34,"column":4},"end":{"line":36,"column":5}},"type":"if","locations":[{"start":{"line":34,"column":4},"end":{"line":36,"column":5}},{"start":{},"end":{}}],"line":34},"1":{"loc":{"start":{"line":56,"column":4},"end":{"line":80,"column":5}},"type":"if","locations":[{"start":{"line":56,"column":4},"end":{"line":80,"column":5}},{"start":{},"end":{}}],"line":56},"2":{"loc":{"start":{"line":62,"column":25},"end":{"line":62,"column":83}},"type":"binary-expr","locations":[{"start":{"line":62,"column":25},"end":{"line":62,"column":53}},{"start":{"line":62,"column":57},"end":{"line":62,"column":83}}],"line":62},"3":{"loc":{"start":{"line":63,"column":8},"end":{"line":65,"column":9}},"type":"if","locations":[{"start":{"line":63,"column":8},"end":{"line":65,"column":9}},{"start":{},"end":{}}],"line":63},"4":{"loc":{"start":{"line":63,"column":12},"end":{"line":63,"column":39}},"type":"binary-expr","locations":[{"start":{"line":63,"column":12},"end":{"line":63,"column":20}},{"start":{"line":63,"column":24},"end":{"line":63,"column":39}}],"line":63},"5":{"loc":{"start":{"line":66,"column":8},"end":{"line":68,"column":9}},"type":"if","locations":[{"start":{"line":66,"column":8},"end":{"line":68,"column":9}},{"start":{},"end":{}}],"line":66},"6":{"loc":{"start":{"line":66,"column":12},"end":{"line":66,"column":56}},"type":"binary-expr","locations":[{"start":{"line":66,"column":12},"end":{"line":66,"column":33}},{"start":{"line":66,"column":37},"end":{"line":66,"column":56}}],"line":66},"7":{"loc":{"start":{"line":71,"column":6},"end":{"line":79,"column":7}},"type":"if","locations":[{"start":{"line":71,"column":6},"end":{"line":79,"column":7}},{"start":{"line":73,"column":13},"end":{"line":79,"column":7}}],"line":71},"8":{"loc":{"start":{"line":71,"column":10},"end":{"line":71,"column":62}},"type":"binary-expr","locations":[{"start":{"line":71,"column":10},"end":{"line":71,"column":24}},{"start":{"line":71,"column":28},"end":{"line":71,"column":62}}],"line":71},"9":{"loc":{"start":{"line":73,"column":13},"end":{"line":79,"column":7}},"type":"if","locations":[{"start":{"line":73,"column":13},"end":{"line":79,"column":7}},{"start":{"line":75,"column":13},"end":{"line":79,"column":7}}],"line":73},"10":{"loc":{"start":{"line":75,"column":13},"end":{"line":79,"column":7}},"type":"if","locations":[{"start":{"line":75,"column":13},"end":{"line":79,"column":7}},{"start":{"line":77,"column":13},"end":{"line":79,"column":7}}],"line":75},"11":{"loc":{"start":{"line":83,"column":4},"end":{"line":101,"column":5}},"type":"if","locations":[{"start":{"line":83,"column":4},"end":{"line":101,"column":5}},{"start":{},"end":{}}],"line":83},"12":{"loc":{"start":{"line":123,"column":28},"end":{"line":123,"column":52}},"type":"binary-expr","locations":[{"start":{"line":123,"column":28},"end":{"line":123,"column":46}},{"start":{"line":123,"column":50},"end":{"line":123,"column":52}}],"line":123},"13":{"loc":{"start":{"line":143,"column":4},"end":{"line":143,"column":82}},"type":"if","locations":[{"start":{"line":143,"column":4},"end":{"line":143,"column":82}},{"start":{},"end":{}}],"line":143},"14":{"loc":{"start":{"line":148,"column":12},"end":{"line":148,"column":28}},"type":"binary-expr","locations":[{"start":{"line":148,"column":12},"end":{"line":148,"column":16}},{"start":{"line":148,"column":20},"end":{"line":148,"column":28}}],"line":148},"15":{"loc":{"start":{"line":149,"column":12},"end":{"line":149,"column":59}},"type":"binary-expr","locations":[{"start":{"line":149,"column":12},"end":{"line":149,"column":21}},{"start":{"line":149,"column":25},"end":{"line":149,"column":59}}],"line":149},"16":{"loc":{"start":{"line":150,"column":12},"end":{"line":150,"column":53}},"type":"binary-expr","locations":[{"start":{"line":150,"column":12},"end":{"line":150,"column":19}},{"start":{"line":150,"column":23},"end":{"line":150,"column":53}}],"line":150},"17":{"loc":{"start":{"line":151,"column":12},"end":{"line":151,"column":56}},"type":"binary-expr","locations":[{"start":{"line":151,"column":12},"end":{"line":151,"column":30}},{"start":{"line":151,"column":34},"end":{"line":151,"column":56}}],"line":151},"18":{"loc":{"start":{"line":169,"column":4},"end":{"line":169,"column":82}},"type":"if","locations":[{"start":{"line":169,"column":4},"end":{"line":169,"column":82}},{"start":{},"end":{}}],"line":169}},"s":{"0":2,"1":2,"2":2,"3":2,"4":2,"5":2,"6":2,"7":2,"8":2,"9":2,"10":1,"11":1,"12":2,"13":7,"14":7,"15":7,"16":7,"17":1,"18":6,"19":6,"20":6,"21":5,"22":5,"23":5,"24":4,"25":4,"26":4,"27":6,"28":6,"29":2,"30":6,"31":2,"32":4,"33":1,"34":3,"35":1,"36":2,"37":1,"38":1,"39":5,"40":1,"41":1,"42":1,"43":1,"44":5,"45":5,"46":1,"47":2,"48":3,"49":3,"50":3,"51":3,"52":2,"53":1,"54":2,"55":4,"56":4,"57":4,"58":4,"59":4,"60":3,"61":1,"62":2,"63":2,"64":1,"65":2,"66":3,"67":3,"68":3,"69":3,"70":2,"71":1,"72":1,"73":1,"74":1,"75":2},"f":{"0":2,"1":7,"2":3,"3":4,"4":3},"b":{"0":[1,6],"1":[4,1],"2":[6,6],"3":[2,4],"4":[6,2],"5":[2,4],"6":[6,2],"7":[1,3],"8":[4,2],"9":[1,2],"10":[1,1],"11":[1,4],"12":[3,2],"13":[1,2],"14":[2,1],"15":[2,1],"16":[2,1],"17":[2,2],"18":[1,1]},"_coverageSchema":"1a1c01bbd47fc00a2c39e90264f33305004495a9","hash":"419bb755a3cd3f69a94deb0d3dd734f1cb047969"}
,"/home/sagar/attendance-guardian/backend/src/routes/stats.js": {"path":"/home/sagar/attendance-guardian/backend/src/routes/stats.js","statementMap":{"0":{"start":{"line":1,"column":16},"end":{"line":1,"column":34}},"1":{"start":{"line":2,"column":15},"end":{"line":2,"column":35}},"2":{"start":{"line":3,"column":13},"end":{"line":3,"column":42}},"3":{"start":{"line":4,"column":18},"end":{"line":4,"column":39}},"4":{"start":{"line":6,"column":15},"end":{"line":6,"column":31}},"5":{"start":{"line":7,"column":14},"end":{"line":7,"column":59}},"6":{"start":{"line":10,"column":0},"end":{"line":113,"column":3}},"7":{"start":{"line":11,"column":2},"end":{"line":112,"column":3}},"8":{"start":{"line":12,"column":27},"end":{"line":12,"column":37}},"9":{"start":{"line":15,"column":21},"end":{"line":15,"column":42}},"10":{"start":{"line":16,"column":19},"end":{"line":16,"column":38}},"11":{"start":{"line":17,"column":4},"end":{"line":19,"column":5}},"12":{"start":{"line":18,"column":6},"end":{"line":18,"column":30}},"13":{"start":{"line":21,"column":4},"end":{"line":21,"column":32}},"14":{"start":{"line":24,"column":21},"end":{"line":35,"column":6}},"15":{"start":{"line":38,"column":25},"end":{"line":42,"column":6}},"16":{"start":{"line":44,"column":4},"end":{"line":44,"column":35}},"17":{"start":{"line":47,"column":21},"end":{"line":47,"column":23}},"18":{"start":{"line":48,"column":4},"end":{"line":51,"column":5}},"19":{"start":{"line":49,"column":6},"end":{"line":49,"column":65}},"20":{"start":{"line":49,"column":36},"end":{"line":49,"column":65}},"21":{"start":{"line":50,"column":6},"end":{"line":50,"column":55}},"22":{"start":{"line":53,"column":18},"end":{"line":88,"column":6}},"23":{"start":{"line":54,"column":27},"end":{"line":54,"column":49}},"24":{"start":{"line":55,"column":21},"end":{"line":55,"column":47}},"25":{"start":{"line":58,"column":8},"end":{"line":60,"column":38}},"26":{"start":{"line":61,"column":28},"end":{"line":61,"column":49}},"27":{"start":{"line":62,"column":25},"end":{"line":62,"column":86}},"28":{"start":{"line":64,"column":23},"end":{"line":64,"column":49}},"29":{"start":{"line":65,"column":20},"end":{"line":65,"column":21}},"30":{"start":{"line":66,"column":23},"end":{"line":66,"column":24}},"31":{"start":{"line":68,"column":6},"end":{"line":73,"column":7}},"32":{"start":{"line":69,"column":8},"end":{"line":69,"column":101}},"33":{"start":{"line":71,"column":33},"end":{"line":71,"column":75}},"34":{"start":{"line":72,"column":8},"end":{"line":72,"column":56}},"35":{"start":{"line":75,"column":6},"end":{"line":87,"column":8}},"36":{"start":{"line":90,"column":25},"end":{"line":99,"column":5}},"37":{"start":{"line":92,"column":45},"end":{"line":92,"column":65}},"38":{"start":{"line":93,"column":46},"end":{"line":93,"column":69}},"39":{"start":{"line":94,"column":44},"end":{"line":94,"column":65}},"40":{"start":{"line":96,"column":47},"end":{"line":96,"column":65}},"41":{"start":{"line":98,"column":40},"end":{"line":98,"column":86}},"42":{"start":{"line":101,"column":19},"end":{"line":104,"column":5}},"43":{"start":{"line":107,"column":4},"end":{"line":107,"column":32}},"44":{"start":{"line":109,"column":4},"end":{"line":109,"column":21}},"45":{"start":{"line":111,"column":4},"end":{"line":111,"column":51}},"46":{"start":{"line":116,"column":0},"end":{"line":150,"column":3}},"47":{"start":{"line":117,"column":2},"end":{"line":149,"column":3}},"48":{"start":{"line":118,"column":26},"end":{"line":118,"column":36}},"49":{"start":{"line":121,"column":20},"end":{"line":128,"column":6}},"50":{"start":{"line":130,"column":26},"end":{"line":130,"column":27}},"51":{"start":{"line":131,"column":23},"end":{"line":131,"column":24}},"52":{"start":{"line":133,"column":18},"end":{"line":144,"column":6}},"53":{"start":{"line":134,"column":6},"end":{"line":134,"column":21}},"54":{"start":{"line":135,"column":6},"end":{"line":137,"column":7}},"55":{"start":{"line":136,"column":8},"end":{"line":136,"column":26}},"56":{"start":{"line":139,"column":6},"end":{"line":143,"column":8}},"57":{"start":{"line":146,"column":4},"end":{"line":146,"column":20}},"58":{"start":{"line":148,"column":4},"end":{"line":148,"column":51}},"59":{"start":{"line":152,"column":0},"end":{"line":152,"column":24}}},"fnMap":{"0":{"name":"(anonymous_0)","decl":{"start":{"line":10,"column":42},"end":{"line":10,"column":43}},"loc":{"start":{"line":10,"column":62},"end":{"line":113,"column":1}},"line":10},"1":{"name":"(anonymous_1)","decl":{"start":{"line":53,"column":31},"end":{"line":53,"column":32}},"loc":{"start":{"line":53,"column":42},"end":{"line":88,"column":5}},"line":53},"2":{"name":"(anonymous_2)","decl":{"start":{"line":92,"column":33},"end":{"line":92,"column":34}},"loc":{"start":{"line":92,"column":45},"end":{"line":92,"column":65}},"line":92},"3":{"name":"(anonymous_3)","decl":{"start":{"line":93,"column":34},"end":{"line":93,"column":35}},"loc":{"start":{"line":93,"column":46},"end":{"line":93,"column":69}},"line":93},"4":{"name":"(anonymous_4)","decl":{"start":{"line":94,"column":32},"end":{"line":94,"column":33}},"loc":{"start":{"line":94,"column":44},"end":{"line":94,"column":65}},"line":94},"5":{"name":"(anonymous_5)","decl":{"start":{"line":96,"column":35},"end":{"line":96,"column":36}},"loc":{"start":{"line":96,"column":47},"end":{"line":96,"column":65}},"line":96},"6":{"name":"(anonymous_6)","decl":{"start":{"line":98,"column":35},"end":{"line":98,"column":36}},"loc":{"start":{"line":98,"column":40},"end":{"line":98,"column":86}},"line":98},"7":{"name":"(anonymous_7)","decl":{"start":{"line":116,"column":46},"end":{"line":116,"column":47}},"loc":{"start":{"line":116,"column":66},"end":{"line":150,"column":1}},"line":116},"8":{"name":"(anonymous_8)","decl":{"start":{"line":133,"column":30},"end":{"line":133,"column":31}},"loc":{"start":{"line":133,"column":37},"end":{"line":144,"column":5}},"line":133}},"branchMap":{"0":{"loc":{"start":{"line":17,"column":4},"end":{"line":19,"column":5}},"type":"if","locations":[{"start":{"line":17,"column":4},"end":{"line":19,"column":5}},{"start":{},"end":{}}],"line":17},"1":{"loc":{"start":{"line":49,"column":6},"end":{"line":49,"column":65}},"type":"if","locations":[{"start":{"line":49,"column":6},"end":{"line":49,"column":65}},{"start":{},"end":{}}],"line":49},"2":{"loc":{"start":{"line":55,"column":21},"end":{"line":55,"column":47}},"type":"binary-expr","locations":[{"start":{"line":55,"column":21},"end":{"line":55,"column":41}},{"start":{"line":55,"column":45},"end":{"line":55,"column":47}}],"line":55},"3":{"loc":{"start":{"line":58,"column":9},"end":{"line":58,"column":31}},"type":"binary-expr","locations":[{"start":{"line":58,"column":9},"end":{"line":58,"column":26}},{"start":{"line":58,"column":30},"end":{"line":58,"column":31}}],"line":58},"4":{"loc":{"start":{"line":59,"column":9},"end":{"line":59,"column":34}},"type":"binary-expr","locations":[{"start":{"line":59,"column":9},"end":{"line":59,"column":29}},{"start":{"line":59,"column":33},"end":{"line":59,"column":34}}],"line":59},"5":{"loc":{"start":{"line":60,"column":9},"end":{"line":60,"column":37}},"type":"binary-expr","locations":[{"start":{"line":60,"column":9},"end":{"line":60,"column":32}},{"start":{"line":60,"column":36},"end":{"line":60,"column":37}}],"line":60},"6":{"loc":{"start":{"line":61,"column":28},"end":{"line":61,"column":49}},"type":"binary-expr","locations":[{"start":{"line":61,"column":28},"end":{"line":61,"column":44}},{"start":{"line":61,"column":48},"end":{"line":61,"column":49}}],"line":61},"7":{"loc":{"start":{"line":62,"column":25},"end":{"line":62,"column":86}},"type":"cond-expr","locations":[{"start":{"line":62,"column":44},"end":{"line":62,"column":82}},{"start":{"line":62,"column":85},"end":{"line":62,"column":86}}],"line":62},"8":{"loc":{"start":{"line":68,"column":6},"end":{"line":73,"column":7}},"type":"if","locations":[{"start":{"line":68,"column":6},"end":{"line":73,"column":7}},{"start":{"line":70,"column":13},"end":{"line":73,"column":7}}],"line":68},"9":{"loc":{"start":{"line":86,"column":16},"end":{"line":86,"column":129}},"type":"cond-expr","locations":[{"start":{"line":86,"column":35},"end":{"line":86,"column":41}},{"start":{"line":86,"column":44},"end":{"line":86,"column":129}}],"line":86},"10":{"loc":{"start":{"line":86,"column":44},"end":{"line":86,"column":129}},"type":"cond-expr","locations":[{"start":{"line":86,"column":69},"end":{"line":86,"column":78}},{"start":{"line":86,"column":81},"end":{"line":86,"column":129}}],"line":86},"11":{"loc":{"start":{"line":86,"column":81},"end":{"line":86,"column":129}},"type":"cond-expr","locations":[{"start":{"line":86,"column":110},"end":{"line":86,"column":116}},{"start":{"line":86,"column":119},"end":{"line":86,"column":129}}],"line":86},"12":{"loc":{"start":{"line":95,"column":25},"end":{"line":97,"column":11}},"type":"cond-expr","locations":[{"start":{"line":96,"column":10},"end":{"line":96,"column":98}},{"start":{"line":97,"column":10},"end":{"line":97,"column":11}}],"line":95},"13":{"loc":{"start":{"line":98,"column":40},"end":{"line":98,"column":86}},"type":"binary-expr","locations":[{"start":{"line":98,"column":40},"end":{"line":98,"column":59}},{"start":{"line":98,"column":63},"end":{"line":98,"column":86}}],"line":98},"14":{"loc":{"start":{"line":135,"column":6},"end":{"line":137,"column":7}},"type":"if","locations":[{"start":{"line":135,"column":6},"end":{"line":137,"column":7}},{"start":{},"end":{}}],"line":135},"15":{"loc":{"start":{"line":135,"column":10},"end":{"line":135,"column":99}},"type":"binary-expr","locations":[{"start":{"line":135,"column":10},"end":{"line":135,"column":34}},{"start":{"line":135,"column":38},"end":{"line":135,"column":65}},{"start":{"line":135,"column":69},"end":{"line":135,"column":99}}],"line":135},"16":{"loc":{"start":{"line":141,"column":20},"end":{"line":141,"column":81}},"type":"cond-expr","locations":[{"start":{"line":141,"column":39},"end":{"line":141,"column":77}},{"start":{"line":141,"column":80},"end":{"line":141,"column":81}}],"line":141}},"s":{"0":1,"1":1,"2":1,"3":1,"4":1,"5":1,"6":1,"7":1,"8":1,"9":1,"10":1,"11":1,"12":0,"13":1,"14":1,"15":1,"16":1,"17":1,"18":1,"19":2,"20":1,"21":2,"22":1,"23":1,"24":1,"25":1,"26":1,"27":1,"28":1,"29":1,"30":1,"31":1,"32":0,"33":1,"34":1,"35":1,"36":1,"37":1,"38":1,"39":1,"40":1,"41":1,"42":1,"43":1,"44":1,"45":0,"46":1,"47":0,"48":0,"49":0,"50":0,"51":0,"52":0,"53":0,"54":0,"55":0,"56":0,"57":0,"58":0,"59":1},"f":{"0":1,"1":1,"2":1,"3":1,"4":1,"5":1,"6":1,"7":0,"8":0},"b":{"0":[0,1],"1":[1,1],"2":[1,0],"3":[1,0],"4":[1,1],"5":[1,1],"6":[1,0],"7":[1,0],"8":[0,1],"9":[0,1],"10":[0,1],"11":[0,1],"12":[1,0],"13":[1,1],"14":[0,0],"15":[0,0,0],"16":[0,0]},"_coverageSchema":"1a1c01bbd47fc00a2c39e90264f33305004495a9","hash":"b962b88dc5773147a2acc75c12ac3f5d0414e8b8"}
,"/home/sagar/attendance-guardian/backend/src/services/classService.js": {"path":"/home/sagar/attendance-guardian/backend/src/services/classService.js","statementMap":{"0":{"start":{"line":1,"column":15},"end":{"line":1,"column":35}},"1":{"start":{"line":2,"column":17},"end":{"line":2,"column":45}},"2":{"start":{"line":6,"column":50},"end":{"line":6,"column":55}},"3":{"start":{"line":8,"column":22},"end":{"line":8,"column":35}},"4":{"start":{"line":9,"column":8},"end":{"line":13,"column":9}},"5":{"start":{"line":10,"column":12},"end":{"line":10,"column":28}},"6":{"start":{"line":11,"column":12},"end":{"line":11,"column":64}},"7":{"start":{"line":11,"column":27},"end":{"line":11,"column":64}},"8":{"start":{"line":12,"column":12},"end":{"line":12,"column":60}},"9":{"start":{"line":12,"column":25},"end":{"line":12,"column":60}},"10":{"start":{"line":15,"column":8},"end":{"line":19,"column":11}},"11":{"start":{"line":23,"column":8},"end":{"line":34,"column":11}},"12":{"start":{"line":38,"column":82},"end":{"line":38,"column":86}},"13":{"start":{"line":40,"column":8},"end":{"line":50,"column":11}},"14":{"start":{"line":54,"column":8},"end":{"line":64,"column":11}},"15":{"start":{"line":55,"column":38},"end":{"line":63,"column":13}},"16":{"start":{"line":68,"column":71},"end":{"line":68,"column":75}},"17":{"start":{"line":70,"column":8},"end":{"line":80,"column":11}},"18":{"start":{"line":84,"column":34},"end":{"line":84,"column":38}},"19":{"start":{"line":86,"column":8},"end":{"line":92,"column":11}},"20":{"start":{"line":97,"column":29},"end":{"line":97,"column":31}},"21":{"start":{"line":98,"column":8},"end":{"line":101,"column":9}},"22":{"start":{"line":99,"column":12},"end":{"line":99,"column":65}},"23":{"start":{"line":99,"column":39},"end":{"line":99,"column":65}},"24":{"start":{"line":100,"column":12},"end":{"line":100,"column":42}},"25":{"start":{"line":103,"column":27},"end":{"line":108,"column":9}},"26":{"start":{"line":104,"column":12},"end":{"line":107,"column":14}},"27":{"start":{"line":110,"column":8},"end":{"line":110,"column":53}},"28":{"start":{"line":114,"column":8},"end":{"line":114,"column":53}},"29":{"start":{"line":115,"column":8},"end":{"line":115,"column":57}},"30":{"start":{"line":119,"column":21},"end":{"line":119,"column":38}},"31":{"start":{"line":120,"column":8},"end":{"line":122,"column":9}},"32":{"start":{"line":121,"column":12},"end":{"line":121,"column":59}},"33":{"start":{"line":124,"column":8},"end":{"line":193,"column":11}},"34":{"start":{"line":126,"column":34},"end":{"line":128,"column":14}},"35":{"start":{"line":130,"column":33},"end":{"line":130,"column":34}},"36":{"start":{"line":131,"column":32},"end":{"line":131,"column":33}},"37":{"start":{"line":133,"column":12},"end":{"line":160,"column":13}},"38":{"start":{"line":135,"column":16},"end":{"line":135,"column":43}},"39":{"start":{"line":136,"column":16},"end":{"line":138,"column":17}},"40":{"start":{"line":137,"column":20},"end":{"line":137,"column":46}},"41":{"start":{"line":141,"column":34},"end":{"line":141,"column":54}},"42":{"start":{"line":142,"column":37},"end":{"line":142,"column":65}},"43":{"start":{"line":145,"column":16},"end":{"line":147,"column":17}},"44":{"start":{"line":146,"column":20},"end":{"line":146,"column":41}},"45":{"start":{"line":150,"column":16},"end":{"line":150,"column":47}},"46":{"start":{"line":151,"column":16},"end":{"line":153,"column":17}},"47":{"start":{"line":152,"column":20},"end":{"line":152,"column":50}},"48":{"start":{"line":156,"column":16},"end":{"line":156,"column":44}},"49":{"start":{"line":157,"column":16},"end":{"line":159,"column":17}},"50":{"start":{"line":158,"column":20},"end":{"line":158,"column":47}},"51":{"start":{"line":163,"column":12},"end":{"line":171,"column":13}},"52":{"start":{"line":164,"column":16},"end":{"line":170,"column":19}},"53":{"start":{"line":174,"column":12},"end":{"line":192,"column":13}},"54":{"start":{"line":175,"column":16},"end":{"line":178,"column":19}},"55":{"start":{"line":180,"column":34},"end":{"line":180,"column":47}},"56":{"start":{"line":181,"column":16},"end":{"line":191,"column":19}},"57":{"start":{"line":197,"column":0},"end":{"line":197,"column":36}}},"fnMap":{"0":{"name":"(anonymous_0)","decl":{"start":{"line":5,"column":4},"end":{"line":5,"column":5}},"loc":{"start":{"line":5,"column":28},"end":{"line":20,"column":5}},"line":5},"1":{"name":"(anonymous_1)","decl":{"start":{"line":22,"column":4},"end":{"line":22,"column":5}},"loc":{"start":{"line":22,"column":45},"end":{"line":35,"column":5}},"line":22},"2":{"name":"(anonymous_2)","decl":{"start":{"line":37,"column":4},"end":{"line":37,"column":5}},"loc":{"start":{"line":37,"column":28},"end":{"line":51,"column":5}},"line":37},"3":{"name":"(anonymous_3)","decl":{"start":{"line":53,"column":4},"end":{"line":53,"column":5}},"loc":{"start":{"line":53,"column":37},"end":{"line":65,"column":5}},"line":53},"4":{"name":"(anonymous_4)","decl":{"start":{"line":55,"column":30},"end":{"line":55,"column":31}},"loc":{"start":{"line":55,"column":38},"end":{"line":63,"column":13}},"line":55},"5":{"name":"(anonymous_5)","decl":{"start":{"line":67,"column":4},"end":{"line":67,"column":5}},"loc":{"start":{"line":67,"column":32},"end":{"line":81,"column":5}},"line":67},"6":{"name":"(anonymous_6)","decl":{"start":{"line":83,"column":4},"end":{"line":83,"column":5}},"loc":{"start":{"line":83,"column":35},"end":{"line":93,"column":5}},"line":83},"7":{"name":"(anonymous_7)","decl":{"start":{"line":95,"column":4},"end":{"line":95,"column":5}},"loc":{"start":{"line":95,"column":38},"end":{"line":111,"column":5}},"line":95},"8":{"name":"(anonymous_8)","decl":{"start":{"line":103,"column":60},"end":{"line":103,"column":61}},"loc":{"start":{"line":104,"column":12},"end":{"line":107,"column":14}},"line":104},"9":{"name":"(anonymous_9)","decl":{"start":{"line":113,"column":4},"end":{"line":113,"column":5}},"loc":{"start":{"line":113,"column":26},"end":{"line":116,"column":5}},"line":113},"10":{"name":"(anonymous_10)","decl":{"start":{"line":118,"column":4},"end":{"line":118,"column":5}},"loc":{"start":{"line":118,"column":79},"end":{"line":194,"column":5}},"line":118},"11":{"name":"(anonymous_11)","decl":{"start":{"line":124,"column":41},"end":{"line":124,"column":42}},"loc":{"start":{"line":124,"column":55},"end":{"line":193,"column":9}},"line":124}},"branchMap":{"0":{"loc":{"start":{"line":9,"column":8},"end":{"line":13,"column":9}},"type":"if","locations":[{"start":{"line":9,"column":8},"end":{"line":13,"column":9}},{"start":{},"end":{}}],"line":9},"1":{"loc":{"start":{"line":9,"column":12},"end":{"line":9,"column":32}},"type":"binary-expr","locations":[{"start":{"line":9,"column":12},"end":{"line":9,"column":21}},{"start":{"line":9,"column":25},"end":{"line":9,"column":32}}],"line":9},"2":{"loc":{"start":{"line":11,"column":12},"end":{"line":11,"column":64}},"type":"if","locations":[{"start":{"line":11,"column":12},"end":{"line":11,"column":64}},{"start":{},"end":{}}],"line":11},"3":{"loc":{"start":{"line":12,"column":12},"end":{"line":12,"column":60}},"type":"if","locations":[{"start":{"line":12,"column":12},"end":{"line":12,"column":60}},{"start":{},"end":{}}],"line":12},"4":{"loc":{"start":{"line":47,"column":24},"end":{"line":47,"column":45}},"type":"binary-expr","locations":[{"start":{"line":47,"column":24},"end":{"line":47,"column":30}},{"start":{"line":47,"column":34},"end":{"line":47,"column":45}}],"line":47},"5":{"loc":{"start":{"line":61,"column":24},"end":{"line":61,"column":49}},"type":"binary-expr","locations":[{"start":{"line":61,"column":24},"end":{"line":61,"column":34}},{"start":{"line":61,"column":38},"end":{"line":61,"column":49}}],"line":61},"6":{"loc":{"start":{"line":73,"column":20},"end":{"line":73,"column":52}},"type":"binary-expr","locations":[{"start":{"line":73,"column":20},"end":{"line":73,"column":24}},{"start":{"line":73,"column":28},"end":{"line":73,"column":52}}],"line":73},"7":{"loc":{"start":{"line":74,"column":20},"end":{"line":74,"column":46}},"type":"binary-expr","locations":[{"start":{"line":74,"column":20},"end":{"line":74,"column":29}},{"start":{"line":74,"column":33},"end":{"line":74,"column":46}}],"line":74},"8":{"loc":{"start":{"line":75,"column":20},"end":{"line":75,"column":46}},"type":"binary-expr","locations":[{"start":{"line":75,"column":20},"end":{"line":75,"column":29}},{"start":{"line":75,"column":33},"end":{"line":75,"column":46}}],"line":75},"9":{"loc":{"start":{"line":76,"column":20},"end":{"line":76,"column":42}},"type":"binary-expr","locations":[{"start":{"line":76,"column":20},"end":{"line":76,"column":27}},{"start":{"line":76,"column":31},"end":{"line":76,"column":42}}],"line":76},"10":{"loc":{"start":{"line":77,"column":20},"end":{"line":77,"column":40}},"type":"binary-expr","locations":[{"start":{"line":77,"column":20},"end":{"line":77,"column":26}},{"start":{"line":77,"column":30},"end":{"line":77,"column":40}}],"line":77},"11":{"loc":{"start":{"line":78,"column":20},"end":{"line":78,"column":52}},"type":"binary-expr","locations":[{"start":{"line":78,"column":20},"end":{"line":78,"column":39}},{"start":{"line":78,"column":43},"end":{"line":78,"column":52}}],"line":78},"12":{"loc":{"start":{"line":90,"column":20},"end":{"line":90,"column":38}},"type":"binary-expr","locations":[{"start":{"line":90,"column":20},"end":{"line":90,"column":25}},{"start":{"line":90,"column":29},"end":{"line":90,"column":38}}],"line":90},"13":{"loc":{"start":{"line":99,"column":12},"end":{"line":99,"column":65}},"type":"if","locations":[{"start":{"line":99,"column":12},"end":{"line":99,"column":65}},{"start":{},"end":{}}],"line":99},"14":{"loc":{"start":{"line":118,"column":64},"end":{"line":118,"column":77}},"type":"default-arg","locations":[{"start":{"line":118,"column":76},"end":{"line":118,"column":77}}],"line":118},"15":{"loc":{"start":{"line":120,"column":8},"end":{"line":122,"column":9}},"type":"if","locations":[{"start":{"line":120,"column":8},"end":{"line":122,"column":9}},{"start":{},"end":{}}],"line":120},"16":{"loc":{"start":{"line":133,"column":12},"end":{"line":160,"column":13}},"type":"if","locations":[{"start":{"line":133,"column":12},"end":{"line":160,"column":13}},{"start":{"line":139,"column":19},"end":{"line":160,"column":13}}],"line":133},"17":{"loc":{"start":{"line":136,"column":16},"end":{"line":138,"column":17}},"type":"if","locations":[{"start":{"line":136,"column":16},"end":{"line":138,"column":17}},{"start":{},"end":{}}],"line":136},"18":{"loc":{"start":{"line":142,"column":37},"end":{"line":142,"column":65}},"type":"binary-expr","locations":[{"start":{"line":142,"column":37},"end":{"line":142,"column":60}},{"start":{"line":142,"column":64},"end":{"line":142,"column":65}}],"line":142},"19":{"loc":{"start":{"line":145,"column":16},"end":{"line":147,"column":17}},"type":"if","locations":[{"start":{"line":145,"column":16},"end":{"line":147,"column":17}},{"start":{},"end":{}}],"line":145},"20":{"loc":{"start":{"line":145,"column":20},"end":{"line":145,"column":70}},"type":"binary-expr","locations":[{"start":{"line":145,"column":20},"end":{"line":145,"column":40}},{"start":{"line":145,"column":44},"end":{"line":145,"column":70}}],"line":145},"21":{"loc":{"start":{"line":151,"column":16},"end":{"line":153,"column":17}},"type":"if","locations":[{"start":{"line":151,"column":16},"end":{"line":153,"column":17}},{"start":{},"end":{}}],"line":151},"22":{"loc":{"start":{"line":157,"column":16},"end":{"line":159,"column":17}},"type":"if","locations":[{"start":{"line":157,"column":16},"end":{"line":159,"column":17}},{"start":{},"end":{}}],"line":157},"23":{"loc":{"start":{"line":163,"column":12},"end":{"line":171,"column":13}},"type":"if","locations":[{"start":{"line":163,"column":12},"end":{"line":171,"column":13}},{"start":{},"end":{}}],"line":163},"24":{"loc":{"start":{"line":163,"column":16},"end":{"line":163,"column":59}},"type":"binary-expr","locations":[{"start":{"line":163,"column":16},"end":{"line":163,"column":36}},{"start":{"line":163,"column":40},"end":{"line":163,"column":59}}],"line":163},"25":{"loc":{"start":{"line":174,"column":12},"end":{"line":192,"column":13}},"type":"if","locations":[{"start":{"line":174,"column":12},"end":{"line":192,"column":13}},{"start":{"line":179,"column":19},"end":{"line":192,"column":13}}],"line":174}},"s":{"0":2,"1":2,"2":2,"3":2,"4":2,"5":1,"6":1,"7":1,"8":1,"9":1,"10":2,"11":1,"12":1,"13":1,"14":1,"15":2,"16":1,"17":1,"18":1,"19":1,"20":1,"21":1,"22":3,"23":2,"24":3,"25":1,"26":2,"27":1,"28":1,"29":1,"30":4,"31":4,"32":1,"33":3,"34":3,"35":3,"36":3,"37":3,"38":1,"39":1,"40":1,"41":2,"42":2,"43":2,"44":1,"45":1,"46":1,"47":0,"48":1,"49":1,"50":1,"51":2,"52":2,"53":2,"54":1,"55":1,"56":1,"57":2},"f":{"0":2,"1":1,"2":1,"3":1,"4":2,"5":1,"6":1,"7":1,"8":2,"9":1,"10":4,"11":3},"b":{"0":[1,1],"1":[2,1],"2":[1,0],"3":[1,0],"4":[1,0],"5":[2,2],"6":[1,0],"7":[1,0],"8":[1,0],"9":[1,0],"10":[1,1],"11":[1,0],"12":[1,0],"13":[2,1],"14":[1],"15":[1,3],"16":[1,2],"17":[1,0],"18":[2,0],"19":[1,1],"20":[2,1],"21":[0,1],"22":[1,0],"23":[2,0],"24":[2,1],"25":[1,1]},"_coverageSchema":"1a1c01bbd47fc00a2c39e90264f33305004495a9","hash":"ed7bca4ccebef75c1b5f6dfb7b1b8e280be02dbf"}
,"/home/sagar/attendance-guardian/backend/src/utils/AppError.js": {"path":"/home/sagar/attendance-guardian/backend/src/utils/AppError.js","statementMap":{"0":{"start":{"line":3,"column":8},"end":{"line":3,"column":23}},"1":{"start":{"line":5,"column":8},"end":{"line":5,"column":37}},"2":{"start":{"line":6,"column":8},"end":{"line":6,"column":73}},"3":{"start":{"line":7,"column":8},"end":{"line":7,"column":34}},"4":{"start":{"line":9,"column":8},"end":{"line":9,"column":56}},"5":{"start":{"line":13,"column":0},"end":{"line":13,"column":26}}},"fnMap":{"0":{"name":"(anonymous_0)","decl":{"start":{"line":2,"column":4},"end":{"line":2,"column":5}},"loc":{"start":{"line":2,"column":37},"end":{"line":10,"column":5}},"line":2}},"branchMap":{"0":{"loc":{"start":{"line":6,"column":22},"end":{"line":6,"column":72}},"type":"cond-expr","locations":[{"start":{"line":6,"column":56},"end":{"line":6,"column":62}},{"start":{"line":6,"column":65},"end":{"line":6,"column":72}}],"line":6}},"s":{"0":2,"1":2,"2":2,"3":2,"4":2,"5":2},"f":{"0":2},"b":{"0":[2,0]},"_coverageSchema":"1a1c01bbd47fc00a2c39e90264f33305004495a9","hash":"37033dddbefd0e35105d45dfd01b2e60a222e64c"}
,"/home/sagar/attendance-guardian/backend/src/utils/catchAsync.js": {"path":"/home/sagar/attendance-guardian/backend/src/utils/catchAsync.js","statementMap":{"0":{"start":{"line":1,"column":0},"end":{"line":5,"column":2}},"1":{"start":{"line":2,"column":4},"end":{"line":4,"column":6}},"2":{"start":{"line":3,"column":8},"end":{"line":3,"column":39}}},"fnMap":{"0":{"name":"(anonymous_0)","decl":{"start":{"line":1,"column":17},"end":{"line":1,"column":18}},"loc":{"start":{"line":1,"column":23},"end":{"line":5,"column":1}},"line":1},"1":{"name":"(anonymous_1)","decl":{"start":{"line":2,"column":11},"end":{"line":2,"column":12}},"loc":{"start":{"line":2,"column":31},"end":{"line":4,"column":5}},"line":2}},"branchMap":{},"s":{"0":2,"1":18,"2":4},"f":{"0":18,"1":4},"b":{},"_coverageSchema":"1a1c01bbd47fc00a2c39e90264f33305004495a9","hash":"d646d145f2d5b081aef1b770f1bd3443530dc7fa"}
}
