TN:
SF:src/controllers/classController.js
FN:4,(anonymous_0)
FN:9,(anonymous_1)
FN:14,(anonymous_2)
FN:19,(anonymous_3)
FN:24,(anonymous_4)
FN:29,(anonymous_5)
FN:34,(anonymous_6)
FN:39,(anonymous_7)
FN:44,(anonymous_8)
FNF:9
FNH:4
FNDA:1,(anonymous_0)
FNDA:0,(anonymous_1)
FNDA:0,(anonymous_2)
FNDA:1,(anonymous_3)
FNDA:0,(anonymous_4)
FNDA:0,(anonymous_5)
FNDA:1,(anonymous_6)
FNDA:0,(anonymous_7)
FNDA:1,(anonymous_8)
DA:1,2
DA:2,2
DA:4,2
DA:5,1
DA:6,1
DA:9,2
DA:10,0
DA:11,0
DA:14,2
DA:15,0
DA:16,0
DA:19,2
DA:20,1
DA:21,1
DA:24,2
DA:25,0
DA:26,0
DA:29,2
DA:30,0
DA:31,0
DA:34,2
DA:35,1
DA:36,1
DA:39,2
DA:40,0
DA:41,0
DA:44,2
DA:45,1
DA:46,1
DA:47,1
LF:30
LH:20
BRF:0
BRH:0
end_of_record
TN:
SF:src/middleware/auth.js
FN:3,auth
FNF:1
FNH:1
FNDA:3,auth
DA:1,2
DA:4,3
DA:6,3
DA:7,1
DA:10,2
DA:12,2
DA:13,2
DA:14,1
DA:15,1
DA:17,1
DA:21,2
LF:11
LH:11
BRDA:6,0,0,1
BRDA:6,0,1,2
BRF:2
BRH:2
end_of_record
TN:
SF:src/routes/auth.js
FN:14,(anonymous_0)
FN:52,(anonymous_1)
FNF:2
FNH:2
FNDA:22,(anonymous_0)
FNDA:13,(anonymous_1)
DA:1,3
DA:2,3
DA:3,3
DA:4,3
DA:6,3
DA:7,3
DA:9,3
DA:10,3
DA:14,3
DA:15,22
DA:16,22
DA:17,22
DA:18,22
DA:21,22
DA:22,0
DA:28,22
DA:29,22
DA:30,1
DA:33,21
DA:35,21
DA:39,21
DA:41,21
DA:43,0
DA:44,0
DA:45,0
DA:46,0
DA:47,0
DA:52,3
DA:53,13
DA:54,13
DA:57,13
DA:58,1
DA:64,12
DA:65,12
DA:67,11
DA:68,11
DA:70,11
DA:72,11
DA:74,0
DA:75,0
DA:79,3
LF:41
LH:33
BRDA:7,0,0,3
BRDA:7,0,1,3
BRDA:9,1,0,3
BRDA:9,1,1,0
BRDA:21,2,0,0
BRDA:21,2,1,22
BRDA:21,3,0,22
BRDA:21,3,1,22
BRDA:21,3,2,22
BRDA:29,4,0,1
BRDA:29,4,1,21
BRDA:57,5,0,1
BRDA:57,5,1,12
BRDA:57,6,0,13
BRDA:57,6,1,12
BRDA:65,7,0,1
BRDA:65,7,1,11
BRDA:68,8,0,0
BRDA:68,8,1,11
BRF:19
BRH:16
end_of_record
TN:
SF:src/routes/class.js
FN:7,(anonymous_0)
FN:31,(anonymous_1)
FN:56,(anonymous_2)
FN:76,(anonymous_3)
FN:87,(anonymous_4)
FN:103,(anonymous_5)
FN:126,(anonymous_6)
FN:131,(anonymous_7)
FN:149,(anonymous_8)
FN:173,(anonymous_9)
FNF:10
FNH:2
FNDA:1,(anonymous_0)
FNDA:0,(anonymous_1)
FNDA:0,(anonymous_2)
FNDA:0,(anonymous_3)
FNDA:0,(anonymous_4)
FNDA:1,(anonymous_5)
FNDA:0,(anonymous_6)
FNDA:0,(anonymous_7)
FNDA:0,(anonymous_8)
FNDA:0,(anonymous_9)
DA:1,1
DA:2,1
DA:4,1
DA:7,1
DA:8,1
DA:9,1
DA:11,1
DA:12,1
DA:13,0
DA:14,0
DA:15,0
DA:18,1
DA:24,1
DA:26,0
DA:31,1
DA:32,0
DA:33,0
DA:34,0
DA:36,0
DA:49,0
DA:51,0
DA:56,1
DA:57,0
DA:58,0
DA:59,0
DA:61,0
DA:69,0
DA:71,0
DA:76,1
DA:77,0
DA:78,0
DA:81,0
DA:82,0
DA:83,0
DA:84,0
DA:87,0
DA:88,0
DA:94,0
DA:96,0
DA:98,0
DA:103,1
DA:104,1
DA:105,1
DA:107,1
DA:119,1
DA:121,0
DA:126,1
DA:127,0
DA:128,0
DA:130,0
DA:131,0
DA:142,0
DA:144,0
DA:149,1
DA:150,0
DA:151,0
DA:152,0
DA:154,0
DA:166,0
DA:168,0
DA:173,1
DA:174,0
DA:175,0
DA:176,0
DA:177,0
DA:179,0
DA:184,1
DA:185,1
DA:187,1
LF:69
LH:24
BRDA:12,0,0,0
BRDA:12,0,1,1
BRDA:12,1,0,1
BRDA:12,1,1,1
BRDA:14,2,0,0
BRDA:14,2,1,0
BRDA:15,3,0,0
BRDA:15,3,1,0
BRDA:65,4,0,0
BRDA:65,4,1,0
BRDA:83,5,0,0
BRDA:83,5,1,0
BRDA:114,6,0,1
BRDA:114,6,1,1
BRDA:137,7,0,0
BRDA:137,7,1,0
BRDA:157,8,0,0
BRDA:157,8,1,0
BRDA:158,9,0,0
BRDA:158,9,1,0
BRDA:159,10,0,0
BRDA:159,10,1,0
BRDA:160,11,0,0
BRDA:160,11,1,0
BRDA:161,12,0,0
BRDA:161,12,1,0
BRDA:162,13,0,0
BRDA:162,13,1,0
BRF:28
BRH:5
end_of_record
TN:
SF:src/routes/courses.js
FN:8,(anonymous_0)
FN:55,(anonymous_1)
FN:73,(anonymous_2)
FNF:3
FNH:1
FNDA:1,(anonymous_0)
FNDA:0,(anonymous_1)
FNDA:0,(anonymous_2)
DA:1,2
DA:2,2
DA:3,2
DA:5,2
DA:8,2
DA:9,1
DA:21,1
DA:24,1
DA:28,1
DA:29,0
DA:32,1
DA:47,1
DA:49,0
DA:50,0
DA:55,2
DA:56,0
DA:57,0
DA:60,0
DA:64,0
DA:65,0
DA:68,0
DA:73,0
DA:74,0
DA:75,0
DA:76,0
DA:78,0
DA:84,0
DA:86,0
DA:87,0
DA:91,2
LF:30
LH:13
BRDA:28,0,0,0
BRDA:28,0,1,1
BRDA:38,1,0,1
BRDA:38,1,1,1
BRDA:39,2,0,1
BRDA:39,2,1,1
BRDA:42,3,0,1
BRDA:42,3,1,1
BRDA:43,4,0,1
BRDA:43,4,1,1
BRDA:64,5,0,0
BRDA:64,5,1,0
BRDA:76,6,0,0
BRDA:76,6,1,0
BRF:14
BRH:9
end_of_record
TN:
SF:src/routes/holiday.js
FN:7,(anonymous_0)
FN:23,(anonymous_1)
FN:43,(anonymous_2)
FN:48,(anonymous_3)
FN:67,(anonymous_4)
FNF:5
FNH:5
FNDA:2,(anonymous_0)
FNDA:3,(anonymous_1)
FNDA:2,(anonymous_2)
FNDA:2,(anonymous_3)
FNDA:2,(anonymous_4)
DA:1,1
DA:2,1
DA:4,1
DA:7,1
DA:8,2
DA:9,2
DA:11,2
DA:16,1
DA:18,1
DA:23,1
DA:24,3
DA:25,3
DA:27,3
DA:36,2
DA:38,1
DA:43,1
DA:44,2
DA:45,2
DA:47,2
DA:49,2
DA:60,1
DA:62,1
DA:67,1
DA:68,2
DA:69,2
DA:70,2
DA:71,1
DA:73,1
DA:77,1
LF:29
LH:29
BRDA:31,0,0,3
BRDA:31,0,1,2
BRDA:53,1,0,2
BRDA:53,1,1,1
BRF:4
BRH:4
end_of_record
TN:
SF:src/routes/semesters.js
FN:10,(anonymous_0)
FN:28,(anonymous_1)
FN:113,(anonymous_2)
FN:135,(anonymous_3)
FN:162,(anonymous_4)
FNF:5
FNH:5
FNDA:2,(anonymous_0)
FNDA:7,(anonymous_1)
FNDA:3,(anonymous_2)
FNDA:4,(anonymous_3)
FNDA:3,(anonymous_4)
DA:1,2
DA:2,2
DA:3,2
DA:4,2
DA:6,2
DA:7,2
DA:10,2
DA:11,2
DA:12,2
DA:13,2
DA:21,1
DA:23,1
DA:28,2
DA:29,7
DA:30,7
DA:33,7
DA:34,7
DA:35,1
DA:38,6
DA:40,6
DA:43,6
DA:52,5
DA:54,5
DA:56,5
DA:58,4
DA:59,4
DA:61,4
DA:62,6
DA:63,6
DA:64,2
DA:66,6
DA:67,2
DA:71,4
DA:72,1
DA:73,3
DA:74,1
DA:75,2
DA:76,1
DA:78,1
DA:83,5
DA:84,1
DA:85,1
DA:86,1
DA:88,1
DA:104,5
DA:106,5
DA:108,1
DA:113,2
DA:114,3
DA:115,3
DA:116,3
DA:118,3
DA:128,2
DA:130,1
DA:135,2
DA:136,4
DA:137,4
DA:138,4
DA:139,4
DA:142,4
DA:143,3
DA:145,2
DA:155,2
DA:157,1
DA:162,2
DA:163,3
DA:164,3
DA:165,3
DA:168,3
DA:169,2
DA:171,1
DA:172,1
DA:174,1
DA:178,2
LF:74
LH:74
BRDA:34,0,0,1
BRDA:34,0,1,6
BRDA:56,1,0,4
BRDA:56,1,1,1
BRDA:62,2,0,6
BRDA:62,2,1,6
BRDA:63,3,0,2
BRDA:63,3,1,4
BRDA:63,4,0,6
BRDA:63,4,1,2
BRDA:66,5,0,2
BRDA:66,5,1,4
BRDA:66,6,0,6
BRDA:66,6,1,2
BRDA:71,7,0,1
BRDA:71,7,1,3
BRDA:71,8,0,4
BRDA:71,8,1,2
BRDA:73,9,0,1
BRDA:73,9,1,2
BRDA:75,10,0,1
BRDA:75,10,1,1
BRDA:83,11,0,1
BRDA:83,11,1,4
BRDA:123,12,0,3
BRDA:123,12,1,2
BRDA:143,13,0,1
BRDA:143,13,1,2
BRDA:148,14,0,2
BRDA:148,14,1,1
BRDA:149,15,0,2
BRDA:149,15,1,1
BRDA:150,16,0,2
BRDA:150,16,1,1
BRDA:151,17,0,2
BRDA:151,17,1,2
BRDA:169,18,0,1
BRDA:169,18,1,1
BRF:38
BRH:38
end_of_record
TN:
SF:src/routes/stats.js
FN:10,(anonymous_0)
FN:53,(anonymous_1)
FN:92,(anonymous_2)
FN:93,(anonymous_3)
FN:94,(anonymous_4)
FN:96,(anonymous_5)
FN:98,(anonymous_6)
FN:116,(anonymous_7)
FN:133,(anonymous_8)
FNF:9
FNH:7
FNDA:1,(anonymous_0)
FNDA:1,(anonymous_1)
FNDA:1,(anonymous_2)
FNDA:1,(anonymous_3)
FNDA:1,(anonymous_4)
FNDA:1,(anonymous_5)
FNDA:1,(anonymous_6)
FNDA:0,(anonymous_7)
FNDA:0,(anonymous_8)
DA:1,1
DA:2,1
DA:3,1
DA:4,1
DA:6,1
DA:7,1
DA:10,1
DA:11,1
DA:12,1
DA:15,1
DA:16,1
DA:17,1
DA:18,0
DA:21,1
DA:24,1
DA:38,1
DA:44,1
DA:47,1
DA:48,1
DA:49,2
DA:50,2
DA:53,1
DA:54,1
DA:55,1
DA:58,1
DA:61,1
DA:62,1
DA:64,1
DA:65,1
DA:66,1
DA:68,1
DA:69,0
DA:71,1
DA:72,1
DA:75,1
DA:90,1
DA:92,1
DA:93,1
DA:94,1
DA:96,1
DA:98,1
DA:101,1
DA:107,1
DA:109,1
DA:111,0
DA:116,1
DA:117,0
DA:118,0
DA:121,0
DA:130,0
DA:131,0
DA:133,0
DA:134,0
DA:135,0
DA:136,0
DA:139,0
DA:146,0
DA:148,0
DA:152,1
LF:59
LH:44
BRDA:17,0,0,0
BRDA:17,0,1,1
BRDA:49,1,0,1
BRDA:49,1,1,1
BRDA:55,2,0,1
BRDA:55,2,1,0
BRDA:58,3,0,1
BRDA:58,3,1,0
BRDA:59,4,0,1
BRDA:59,4,1,1
BRDA:60,5,0,1
BRDA:60,5,1,1
BRDA:61,6,0,1
BRDA:61,6,1,0
BRDA:62,7,0,1
BRDA:62,7,1,0
BRDA:68,8,0,0
BRDA:68,8,1,1
BRDA:86,9,0,0
BRDA:86,9,1,1
BRDA:86,10,0,0
BRDA:86,10,1,1
BRDA:86,11,0,0
BRDA:86,11,1,1
BRDA:95,12,0,1
BRDA:95,12,1,0
BRDA:98,13,0,1
BRDA:98,13,1,1
BRDA:135,14,0,0
BRDA:135,14,1,0
BRDA:135,15,0,0
BRDA:135,15,1,0
BRDA:135,15,2,0
BRDA:141,16,0,0
BRDA:141,16,1,0
BRF:35
BRH:18
end_of_record
TN:
SF:src/services/classService.js
FN:5,(anonymous_0)
FN:22,(anonymous_1)
FN:37,(anonymous_2)
FN:53,(anonymous_3)
FN:55,(anonymous_4)
FN:67,(anonymous_5)
FN:83,(anonymous_6)
FN:95,(anonymous_7)
FN:103,(anonymous_8)
FN:113,(anonymous_9)
FN:118,(anonymous_10)
FN:124,(anonymous_11)
FNF:12
FNH:12
FNDA:2,(anonymous_0)
FNDA:1,(anonymous_1)
FNDA:1,(anonymous_2)
FNDA:1,(anonymous_3)
FNDA:2,(anonymous_4)
FNDA:1,(anonymous_5)
FNDA:1,(anonymous_6)
FNDA:1,(anonymous_7)
FNDA:2,(anonymous_8)
FNDA:1,(anonymous_9)
FNDA:4,(anonymous_10)
FNDA:3,(anonymous_11)
DA:1,2
DA:2,2
DA:6,2
DA:8,2
DA:9,2
DA:10,1
DA:11,1
DA:12,1
DA:15,2
DA:23,1
DA:38,1
DA:40,1
DA:54,1
DA:55,2
DA:68,1
DA:70,1
DA:84,1
DA:86,1
DA:97,1
DA:98,1
DA:99,3
DA:100,3
DA:103,1
DA:104,2
DA:110,1
DA:114,1
DA:115,1
DA:119,4
DA:120,4
DA:121,1
DA:124,3
DA:126,3
DA:130,3
DA:131,3
DA:133,3
DA:135,1
DA:136,1
DA:137,1
DA:141,2
DA:142,2
DA:145,2
DA:146,1
DA:150,1
DA:151,1
DA:152,0
DA:156,1
DA:157,1
DA:158,1
DA:163,2
DA:164,2
DA:174,2
DA:175,1
DA:180,1
DA:181,1
DA:197,2
LF:55
LH:54
BRDA:9,0,0,1
BRDA:9,0,1,1
BRDA:9,1,0,2
BRDA:9,1,1,1
BRDA:11,2,0,1
BRDA:11,2,1,0
BRDA:12,3,0,1
BRDA:12,3,1,0
BRDA:47,4,0,1
BRDA:47,4,1,0
BRDA:61,5,0,2
BRDA:61,5,1,2
BRDA:73,6,0,1
BRDA:73,6,1,0
BRDA:74,7,0,1
BRDA:74,7,1,0
BRDA:75,8,0,1
BRDA:75,8,1,0
BRDA:76,9,0,1
BRDA:76,9,1,0
BRDA:77,10,0,1
BRDA:77,10,1,1
BRDA:78,11,0,1
BRDA:78,11,1,0
BRDA:90,12,0,1
BRDA:90,12,1,0
BRDA:99,13,0,2
BRDA:99,13,1,1
BRDA:118,14,0,1
BRDA:120,15,0,1
BRDA:120,15,1,3
BRDA:133,16,0,1
BRDA:133,16,1,2
BRDA:136,17,0,1
BRDA:136,17,1,0
BRDA:142,18,0,2
BRDA:142,18,1,0
BRDA:145,19,0,1
BRDA:145,19,1,1
BRDA:145,20,0,2
BRDA:145,20,1,1
BRDA:151,21,0,0
BRDA:151,21,1,1
BRDA:157,22,0,1
BRDA:157,22,1,0
BRDA:163,23,0,2
BRDA:163,23,1,0
BRDA:163,24,0,2
BRDA:163,24,1,1
BRDA:174,25,0,1
BRDA:174,25,1,1
BRF:51
BRH:37
end_of_record
TN:
SF:src/utils/AppError.js
FN:2,(anonymous_0)
FNF:1
FNH:1
FNDA:2,(anonymous_0)
DA:3,2
DA:5,2
DA:6,2
DA:7,2
DA:9,2
DA:13,2
LF:6
LH:6
BRDA:6,0,0,2
BRDA:6,0,1,0
BRF:2
BRH:1
end_of_record
TN:
SF:src/utils/catchAsync.js
FN:1,(anonymous_0)
FN:2,(anonymous_1)
FNF:2
FNH:2
FNDA:18,(anonymous_0)
FNDA:4,(anonymous_1)
DA:1,2
DA:2,18
DA:3,4
LF:3
LH:3
BRF:0
BRH:0
end_of_record
